{"/home/travis/build/npmtest/node-npmtest-express-redis-cache/test.js":{"path":"/home/travis/build/npmtest/node-npmtest-express-redis-cache/test.js","s":{"1":2,"2":2,"3":2,"4":2,"5":2,"6":2,"7":2,"8":1,"9":2,"10":2,"11":1,"12":1,"13":1,"14":1,"15":2,"16":2,"17":2,"18":2,"19":1,"20":1,"21":2,"22":2,"23":2,"24":1,"25":1,"26":1,"27":1,"28":1,"29":1,"30":1,"31":1,"32":1,"33":1,"34":1,"35":1,"36":1,"37":1,"38":1,"39":2,"40":2,"41":1,"42":2,"43":2,"44":1,"45":2,"46":2,"47":1,"48":2,"49":2,"50":1,"51":1,"52":1,"53":1,"54":1},"b":{"1":[2,1,1,1],"2":[1,1,1,1],"3":[1,1],"4":[1,1],"5":[1,1],"6":[1,1],"7":[1,1],"8":[1,1],"9":[1,1],"10":[1,1,1],"11":[1,1],"12":[1,1],"13":[1,1],"14":[1,1],"15":[1,1],"16":[1,1],"17":[1,1]},"f":{"1":2,"2":2,"3":2,"4":2,"5":2,"6":1,"7":1,"8":1,"9":2,"10":2,"11":2,"12":2,"13":1},"fnMap":{"1":{"name":"(anonymous_1)","line":12,"loc":{"start":{"line":12,"column":1},"end":{"line":12,"column":13}}},"2":{"name":"(anonymous_2)","line":19,"loc":{"start":{"line":19,"column":5},"end":{"line":19,"column":17}}},"3":{"name":"(anonymous_3)","line":23,"loc":{"start":{"line":23,"column":24},"end":{"line":23,"column":36}}},"4":{"name":"(anonymous_4)","line":61,"loc":{"start":{"line":61,"column":5},"end":{"line":61,"column":17}}},"5":{"name":"(anonymous_5)","line":82,"loc":{"start":{"line":82,"column":5},"end":{"line":82,"column":17}}},"6":{"name":"(anonymous_6)","line":91,"loc":{"start":{"line":91,"column":77},"end":{"line":94,"column":10}}},"7":{"name":"(anonymous_7)","line":112,"loc":{"start":{"line":112,"column":83},"end":{"line":115,"column":10}},"skip":true},"8":{"name":"(anonymous_8)","line":123,"loc":{"start":{"line":123,"column":77},"end":{"line":126,"column":10}},"skip":true},"9":{"name":"(anonymous_9)","line":139,"loc":{"start":{"line":139,"column":12},"end":{"line":139,"column":40}},"skip":true},"10":{"name":"(anonymous_10)","line":147,"loc":{"start":{"line":147,"column":77},"end":{"line":150,"column":10}},"skip":true},"11":{"name":"(anonymous_11)","line":158,"loc":{"start":{"line":158,"column":83},"end":{"line":161,"column":10}},"skip":true},"12":{"name":"(anonymous_12)","line":169,"loc":{"start":{"line":169,"column":79},"end":{"line":172,"column":10}},"skip":true},"13":{"name":"(anonymous_13)","line":180,"loc":{"start":{"line":180,"column":75},"end":{"line":183,"column":10}},"skip":true}},"statementMap":{"1":{"start":{"line":12,"column":0},"end":{"line":195,"column":5}},"2":{"start":{"line":14,"column":4},"end":{"line":14,"column":14}},"3":{"start":{"line":19,"column":4},"end":{"line":56,"column":9}},"4":{"start":{"line":21,"column":8},"end":{"line":21,"column":19}},"5":{"start":{"line":23,"column":8},"end":{"line":35,"column":13}},"6":{"start":{"line":24,"column":12},"end":{"line":34,"column":13}},"7":{"start":{"line":25,"column":16},"end":{"line":28,"column":30}},"8":{"start":{"line":30,"column":16},"end":{"line":33,"column":27}},"9":{"start":{"line":37,"column":8},"end":{"line":39,"column":21}},"10":{"start":{"line":40,"column":8},"end":{"line":53,"column":9}},"11":{"start":{"line":43,"column":12},"end":{"line":46,"column":14}},"12":{"start":{"line":47,"column":12},"end":{"line":47,"column":18}},"13":{"start":{"line":50,"column":12},"end":{"line":51,"column":33}},"14":{"start":{"line":52,"column":12},"end":{"line":52,"column":18}},"15":{"start":{"line":55,"column":8},"end":{"line":55,"column":35}},"16":{"start":{"line":61,"column":4},"end":{"line":63,"column":9}},"17":{"start":{"line":62,"column":8},"end":{"line":62,"column":15}},"18":{"start":{"line":64,"column":4},"end":{"line":77,"column":5}},"19":{"start":{"line":70,"column":8},"end":{"line":70,"column":14}},"20":{"start":{"line":76,"column":8},"end":{"line":76,"column":14}},"21":{"start":{"line":82,"column":4},"end":{"line":84,"column":9}},"22":{"start":{"line":83,"column":8},"end":{"line":83,"column":15}},"23":{"start":{"line":85,"column":4},"end":{"line":194,"column":5}},"24":{"start":{"line":91,"column":8},"end":{"line":99,"column":10}},"25":{"start":{"line":98,"column":12},"end":{"line":98,"column":35}},"26":{"start":{"line":102,"column":8},"end":{"line":104,"column":63}},"27":{"start":{"line":105,"column":8},"end":{"line":105,"column":14}},"28":{"start":{"line":112,"column":8},"end":{"line":121,"column":10},"skip":true},"29":{"start":{"line":119,"column":12},"end":{"line":119,"column":55},"skip":true},"30":{"start":{"line":120,"column":12},"end":{"line":120,"column":48},"skip":true},"31":{"start":{"line":123,"column":8},"end":{"line":136,"column":10},"skip":true},"32":{"start":{"line":130,"column":12},"end":{"line":130,"column":76},"skip":true},"33":{"start":{"line":131,"column":12},"end":{"line":131,"column":73},"skip":true},"34":{"start":{"line":132,"column":12},"end":{"line":132,"column":74},"skip":true},"35":{"start":{"line":133,"column":12},"end":{"line":133,"column":79},"skip":true},"36":{"start":{"line":134,"column":12},"end":{"line":134,"column":25},"skip":true},"37":{"start":{"line":135,"column":12},"end":{"line":135,"column":45},"skip":true},"38":{"start":{"line":138,"column":8},"end":{"line":145,"column":14},"skip":true},"39":{"start":{"line":143,"column":16},"end":{"line":143,"column":29},"skip":true},"40":{"start":{"line":144,"column":16},"end":{"line":144,"column":55},"skip":true},"41":{"start":{"line":147,"column":8},"end":{"line":156,"column":10},"skip":true},"42":{"start":{"line":154,"column":12},"end":{"line":154,"column":25},"skip":true},"43":{"start":{"line":155,"column":12},"end":{"line":155,"column":45},"skip":true},"44":{"start":{"line":158,"column":8},"end":{"line":167,"column":10},"skip":true},"45":{"start":{"line":165,"column":12},"end":{"line":165,"column":25},"skip":true},"46":{"start":{"line":166,"column":12},"end":{"line":166,"column":48},"skip":true},"47":{"start":{"line":169,"column":8},"end":{"line":178,"column":10},"skip":true},"48":{"start":{"line":176,"column":12},"end":{"line":176,"column":25},"skip":true},"49":{"start":{"line":177,"column":12},"end":{"line":177,"column":46},"skip":true},"50":{"start":{"line":180,"column":8},"end":{"line":189,"column":10},"skip":true},"51":{"start":{"line":187,"column":12},"end":{"line":187,"column":94},"skip":true},"52":{"start":{"line":188,"column":12},"end":{"line":188,"column":48},"skip":true},"53":{"start":{"line":192,"column":8},"end":{"line":192,"column":35},"skip":true},"54":{"start":{"line":193,"column":8},"end":{"line":193,"column":14},"skip":true}},"branchMap":{"1":{"line":25,"type":"binary-expr","locations":[{"start":{"line":25,"column":23},"end":{"line":25,"column":62}},{"start":{"line":26,"column":20},"end":{"line":26,"column":70}},{"start":{"line":27,"column":20},"end":{"line":27,"column":71}},{"start":{"line":28,"column":20},"end":{"line":28,"column":29}}]},"2":{"line":30,"type":"binary-expr","locations":[{"start":{"line":30,"column":23},"end":{"line":30,"column":37}},{"start":{"line":31,"column":20},"end":{"line":31,"column":61}},{"start":{"line":32,"column":20},"end":{"line":32,"column":70}},{"start":{"line":33,"column":20},"end":{"line":33,"column":26}}]},"3":{"line":37,"type":"cond-expr","locations":[{"start":{"line":38,"column":14},"end":{"line":38,"column":20}},{"start":{"line":39,"column":14},"end":{"line":39,"column":20}}]},"4":{"line":40,"type":"switch","locations":[{"start":{"line":42,"column":8},"end":{"line":47,"column":18}},{"start":{"line":49,"column":8},"end":{"line":52,"column":18}}]},"5":{"line":44,"type":"binary-expr","locations":[{"start":{"line":44,"column":16},"end":{"line":44,"column":44}},{"start":{"line":44,"column":48},"end":{"line":44,"column":66}}]},"6":{"line":50,"type":"binary-expr","locations":[{"start":{"line":50,"column":21},"end":{"line":50,"column":49}},{"start":{"line":50,"column":53},"end":{"line":50,"column":72}}]},"7":{"line":64,"type":"switch","locations":[{"start":{"line":69,"column":4},"end":{"line":70,"column":14}},{"start":{"line":75,"column":4},"end":{"line":76,"column":14}}]},"8":{"line":85,"type":"switch","locations":[{"start":{"line":90,"column":4},"end":{"line":105,"column":14}},{"start":{"line":111,"column":4},"end":{"line":193,"column":14},"skip":true}]},"9":{"line":91,"type":"binary-expr","locations":[{"start":{"line":91,"column":42},"end":{"line":91,"column":73}},{"start":{"line":91,"column":77},"end":{"line":99,"column":9}}]},"10":{"line":102,"type":"binary-expr","locations":[{"start":{"line":102,"column":18},"end":{"line":102,"column":32}},{"start":{"line":103,"column":12},"end":{"line":103,"column":53}},{"start":{"line":104,"column":12},"end":{"line":104,"column":61}}]},"11":{"line":112,"type":"binary-expr","locations":[{"start":{"line":112,"column":45},"end":{"line":112,"column":79},"skip":true},{"start":{"line":112,"column":83},"end":{"line":121,"column":9},"skip":true}]},"12":{"line":123,"type":"binary-expr","locations":[{"start":{"line":123,"column":42},"end":{"line":123,"column":73},"skip":true},{"start":{"line":123,"column":77},"end":{"line":136,"column":9},"skip":true}]},"13":{"line":138,"type":"binary-expr","locations":[{"start":{"line":138,"column":48},"end":{"line":138,"column":85},"skip":true},{"start":{"line":139,"column":12},"end":{"line":145,"column":13},"skip":true}]},"14":{"line":147,"type":"binary-expr","locations":[{"start":{"line":147,"column":42},"end":{"line":147,"column":73},"skip":true},{"start":{"line":147,"column":77},"end":{"line":156,"column":9},"skip":true}]},"15":{"line":158,"type":"binary-expr","locations":[{"start":{"line":158,"column":45},"end":{"line":158,"column":79},"skip":true},{"start":{"line":158,"column":83},"end":{"line":167,"column":9},"skip":true}]},"16":{"line":169,"type":"binary-expr","locations":[{"start":{"line":169,"column":43},"end":{"line":169,"column":75},"skip":true},{"start":{"line":169,"column":79},"end":{"line":178,"column":9},"skip":true}]},"17":{"line":180,"type":"binary-expr","locations":[{"start":{"line":180,"column":41},"end":{"line":180,"column":71},"skip":true},{"start":{"line":180,"column":75},"end":{"line":189,"column":9},"skip":true}]}},"code":["/* istanbul instrument in package npmtest_express_redis_cache */","/*jslint","    bitwise: true,","    browser: true,","    maxerr: 8,","    maxlen: 96,","    node: true,","    nomen: true,","    regexp: true,","    stupid: true","*/","(function () {","    'use strict';","    var local;","","","","    // run shared js-env code - init-before","    (function () {","        // init local","        local = {};","        // init modeJs","        local.modeJs = (function () {","            try {","                return typeof navigator.userAgent === 'string' &&","                    typeof document.querySelector('body') === 'object' &&","                    typeof XMLHttpRequest.prototype.open === 'function' &&","                    'browser';","            } catch (errorCaughtBrowser) {","                return module.exports &&","                    typeof process.versions.node === 'string' &&","                    typeof require('http').createServer === 'function' &&","                    'node';","            }","        }());","        // init global","        local.global = local.modeJs === 'browser'","            ? window","            : global;","        switch (local.modeJs) {","        // re-init local from window.local","        case 'browser':","            local = local.global.utility2.objectSetDefault(","                local.global.utility2_rollup || local.global.local,","                local.global.utility2","            );","            break;","        // re-init local from example.js","        case 'node':","            local = (local.global.utility2_rollup || require('utility2'))","                .requireReadme();","            break;","        }","        // export local","        local.global.local = local;","    }());","","","","    // run shared js-env code - function","    (function () {","        return;","    }());","    switch (local.modeJs) {","","","","    // run browser js-env code - function","    case 'browser':","        break;","","","","    // run node js-env code - function","    case 'node':","        break;","    }","","","","    // run shared js-env code - init-after","    (function () {","        return;","    }());","    switch (local.modeJs) {","","","","    // run browser js-env code - init-after","    case 'browser':","        local.testCase_browser_nullCase = local.testCase_browser_nullCase || function (","            options,","            onError","        ) {","        /*","         * this function will test browsers's null-case handling-behavior-behavior","         */","            onError(null, options);","        };","","        // run tests","        local.nop(local.modeTest &&","            document.querySelector('#testRunButton1') &&","            document.querySelector('#testRunButton1').click());","        break;","","","","    // run node js-env code - init-after","    /* istanbul ignore next */","    case 'node':","        local.testCase_buildApidoc_default = local.testCase_buildApidoc_default || function (","            options,","            onError","        ) {","        /*","         * this function will test buildApidoc's default handling-behavior-behavior","         */","            options = { modulePathList: module.paths };","            local.buildApidoc(options, onError);","        };","","        local.testCase_buildApp_default = local.testCase_buildApp_default || function (","            options,","            onError","        ) {","        /*","         * this function will test buildApp's default handling-behavior-behavior","         */","            local.testCase_buildReadme_default(options, local.onErrorThrow);","            local.testCase_buildLib_default(options, local.onErrorThrow);","            local.testCase_buildTest_default(options, local.onErrorThrow);","            local.testCase_buildCustomOrg_default(options, local.onErrorThrow);","            options = [];","            local.buildApp(options, onError);","        };","","        local.testCase_buildCustomOrg_default = local.testCase_buildCustomOrg_default ||","            function (options, onError) {","            /*","             * this function will test buildCustomOrg's default handling-behavior","             */","                options = {};","                local.buildCustomOrg(options, onError);","            };","","        local.testCase_buildLib_default = local.testCase_buildLib_default || function (","            options,","            onError","        ) {","        /*","         * this function will test buildLib's default handling-behavior","         */","            options = {};","            local.buildLib(options, onError);","        };","","        local.testCase_buildReadme_default = local.testCase_buildReadme_default || function (","            options,","            onError","        ) {","        /*","         * this function will test buildReadme's default handling-behavior-behavior","         */","            options = {};","            local.buildReadme(options, onError);","        };","","        local.testCase_buildTest_default = local.testCase_buildTest_default || function (","            options,","            onError","        ) {","        /*","         * this function will test buildTest's default handling-behavior","         */","            options = {};","            local.buildTest(options, onError);","        };","","        local.testCase_webpage_default = local.testCase_webpage_default || function (","            options,","            onError","        ) {","        /*","         * this function will test webpage's default handling-behavior","         */","            options = { modeCoverageMerge: true, url: local.serverLocalHost + '?modeTest=1' };","            local.browserTest(options, onError);","        };","","        // run test-server","        local.testRunServer(local);","        break;","    }","}());",""],"l":{"12":2,"14":2,"19":2,"21":2,"23":2,"24":2,"25":2,"30":1,"37":2,"40":2,"43":1,"47":1,"50":1,"52":1,"55":2,"61":2,"62":2,"64":2,"70":1,"76":1,"82":2,"83":2,"85":2,"91":1,"98":1,"102":1,"105":1,"112":1,"119":1,"120":1,"123":1,"130":1,"131":1,"132":1,"133":1,"134":1,"135":1,"138":1,"143":2,"144":2,"147":1,"154":2,"155":2,"158":1,"165":2,"166":2,"169":1,"176":2,"177":2,"180":1,"187":1,"188":1,"192":1,"193":1}},"/home/travis/build/npmtest/node-npmtest-express-redis-cache/lib.npmtest_express_redis_cache.js":{"path":"/home/travis/build/npmtest/node-npmtest-express-redis-cache/lib.npmtest_express_redis_cache.js","s":{"1":2,"2":2,"3":2,"4":2,"5":2,"6":2,"7":2,"8":1,"9":2,"10":2,"11":2,"12":2,"13":1,"14":1,"15":1,"16":1},"b":{"1":[2,1,1,1],"2":[1,1,1,1],"3":[1,1],"4":[2,2],"5":[1,1]},"f":{"1":2,"2":2,"3":2},"fnMap":{"1":{"name":"(anonymous_1)","line":12,"loc":{"start":{"line":12,"column":1},"end":{"line":12,"column":13}}},"2":{"name":"(anonymous_2)","line":19,"loc":{"start":{"line":19,"column":5},"end":{"line":19,"column":17}}},"3":{"name":"(anonymous_3)","line":23,"loc":{"start":{"line":23,"column":24},"end":{"line":23,"column":36}}}},"statementMap":{"1":{"start":{"line":12,"column":0},"end":{"line":53,"column":5}},"2":{"start":{"line":14,"column":4},"end":{"line":14,"column":14}},"3":{"start":{"line":19,"column":4},"end":{"line":52,"column":9}},"4":{"start":{"line":21,"column":8},"end":{"line":21,"column":19}},"5":{"start":{"line":23,"column":8},"end":{"line":35,"column":13}},"6":{"start":{"line":24,"column":12},"end":{"line":34,"column":13}},"7":{"start":{"line":25,"column":16},"end":{"line":28,"column":30}},"8":{"start":{"line":30,"column":16},"end":{"line":33,"column":27}},"9":{"start":{"line":37,"column":8},"end":{"line":39,"column":21}},"10":{"start":{"line":41,"column":8},"end":{"line":41,"column":54}},"11":{"start":{"line":43,"column":8},"end":{"line":43,"column":64}},"12":{"start":{"line":45,"column":8},"end":{"line":51,"column":9}},"13":{"start":{"line":46,"column":12},"end":{"line":46,"column":70}},"14":{"start":{"line":48,"column":12},"end":{"line":48,"column":35}},"15":{"start":{"line":49,"column":12},"end":{"line":49,"column":49}},"16":{"start":{"line":50,"column":12},"end":{"line":50,"column":43}}},"branchMap":{"1":{"line":25,"type":"binary-expr","locations":[{"start":{"line":25,"column":23},"end":{"line":25,"column":62}},{"start":{"line":26,"column":20},"end":{"line":26,"column":70}},{"start":{"line":27,"column":20},"end":{"line":27,"column":71}},{"start":{"line":28,"column":20},"end":{"line":28,"column":29}}]},"2":{"line":30,"type":"binary-expr","locations":[{"start":{"line":30,"column":23},"end":{"line":30,"column":37}},{"start":{"line":31,"column":20},"end":{"line":31,"column":61}},{"start":{"line":32,"column":20},"end":{"line":32,"column":70}},{"start":{"line":33,"column":20},"end":{"line":33,"column":26}}]},"3":{"line":37,"type":"cond-expr","locations":[{"start":{"line":38,"column":14},"end":{"line":38,"column":20}},{"start":{"line":39,"column":14},"end":{"line":39,"column":20}}]},"4":{"line":41,"type":"binary-expr","locations":[{"start":{"line":41,"column":16},"end":{"line":41,"column":44}},{"start":{"line":41,"column":48},"end":{"line":41,"column":53}}]},"5":{"line":45,"type":"if","locations":[{"start":{"line":45,"column":8},"end":{"line":45,"column":8}},{"start":{"line":45,"column":8},"end":{"line":45,"column":8}}]}},"code":["/* istanbul instrument in package npmtest_express_redis_cache */","/*jslint","    bitwise: true,","    browser: true,","    maxerr: 8,","    maxlen: 96,","    node: true,","    nomen: true,","    regexp: true,","    stupid: true","*/","(function () {","    'use strict';","    var local;","","","","    // run shared js-env code - init-before","    (function () {","        // init local","        local = {};","        // init modeJs","        local.modeJs = (function () {","            try {","                return typeof navigator.userAgent === 'string' &&","                    typeof document.querySelector('body') === 'object' &&","                    typeof XMLHttpRequest.prototype.open === 'function' &&","                    'browser';","            } catch (errorCaughtBrowser) {","                return module.exports &&","                    typeof process.versions.node === 'string' &&","                    typeof require('http').createServer === 'function' &&","                    'node';","            }","        }());","        // init global","        local.global = local.modeJs === 'browser'","            ? window","            : global;","        // init utility2_rollup","        local = local.global.utility2_rollup || local;","        // init lib","        local.local = local.npmtest_express_redis_cache = local;","        // init exports","        if (local.modeJs === 'browser') {","            local.global.utility2_npmtest_express_redis_cache = local;","        } else {","            module.exports = local;","            module.exports.__dirname = __dirname;","            module.exports.module = module;","        }","    }());","}());",""],"l":{"12":2,"14":2,"19":2,"21":2,"23":2,"24":2,"25":2,"30":1,"37":2,"41":2,"43":2,"45":2,"46":1,"48":1,"49":1,"50":1}},"/home/travis/build/npmtest/node-npmtest-express-redis-cache/example.js":{"path":"/home/travis/build/npmtest/node-npmtest-express-redis-cache/example.js","s":{"1":2,"2":2,"3":2,"4":2,"5":2,"6":2,"7":2,"8":1,"9":2,"10":2,"11":2,"12":2,"13":1,"14":2,"15":2,"16":2,"17":2,"18":2,"19":0,"20":2,"21":1,"22":1,"23":1,"24":1,"25":1,"26":0,"27":0,"28":1,"29":1,"30":2,"31":0,"32":0,"33":0,"34":1,"35":2,"36":2,"37":3,"38":3,"39":3,"40":3,"41":0,"42":3,"43":3,"44":3,"45":1,"46":3,"47":1,"48":1,"49":1,"50":1,"51":1,"52":1,"53":1,"54":1,"55":1,"56":1,"57":0,"58":1,"59":6,"60":6,"61":1,"62":2,"63":0,"64":2,"65":1,"66":1,"67":0,"68":0,"69":0,"70":0,"71":0,"72":0,"73":0,"74":0,"75":0,"76":0,"77":0,"78":0,"79":0,"80":0,"81":0,"82":0,"83":0},"b":{"1":[2,1,1,1],"2":[1,1,1,1],"3":[1,1],"4":[2,2],"5":[1,1],"6":[1,1],"7":[2,0],"8":[2,1,1,1,1,1],"9":[0,2,0],"10":[1,1],"11":[2,1,1],"12":[1,0],"13":[0,2],"14":[2,0,0,0,0,0,0],"15":[0,3],"16":[3,0],"17":[1,1],"18":[0,1],"19":[1,2,0,2],"20":[1,0],"21":[1,1],"22":[0,0],"23":[0,0],"24":[0,0],"25":[0,0],"26":[0,0],"27":[0,0],"28":[0,0]},"f":{"1":2,"2":2,"3":2,"4":2,"5":2,"6":2,"7":3,"8":3,"9":3,"10":1,"11":6,"12":0},"fnMap":{"1":{"name":"(anonymous_1)","line":26,"loc":{"start":{"line":26,"column":1},"end":{"line":26,"column":13}}},"2":{"name":"(anonymous_2)","line":33,"loc":{"start":{"line":33,"column":5},"end":{"line":33,"column":17}}},"3":{"name":"(anonymous_3)","line":37,"loc":{"start":{"line":37,"column":24},"end":{"line":37,"column":36}}},"4":{"name":"(anonymous_4)","line":69,"loc":{"start":{"line":69,"column":31},"end":{"line":69,"column":48}},"skip":true},"5":{"name":"(anonymous_5)","line":78,"loc":{"start":{"line":78,"column":26},"end":{"line":78,"column":45}},"skip":true},"6":{"name":"(anonymous_6)","line":123,"loc":{"start":{"line":123,"column":33},"end":{"line":123,"column":48}},"skip":true},"7":{"name":"(anonymous_7)","line":125,"loc":{"start":{"line":125,"column":27},"end":{"line":125,"column":39}},"skip":true},"8":{"name":"(anonymous_8)","line":133,"loc":{"start":{"line":133,"column":59},"end":{"line":133,"column":74}},"skip":true},"9":{"name":"(anonymous_9)","line":143,"loc":{"start":{"line":143,"column":45},"end":{"line":143,"column":62}},"skip":true},"10":{"name":"(anonymous_10)","line":144,"loc":{"start":{"line":144,"column":73},"end":{"line":144,"column":92}},"skip":true},"11":{"name":"(anonymous_11)","line":272,"loc":{"start":{"line":272,"column":51},"end":{"line":272,"column":77}},"skip":true},"12":{"name":"(anonymous_12)","line":315,"loc":{"start":{"line":315,"column":32},"end":{"line":315,"column":61}},"skip":true}},"statementMap":{"1":{"start":{"line":26,"column":0},"end":{"line":326,"column":5}},"2":{"start":{"line":28,"column":4},"end":{"line":28,"column":14}},"3":{"start":{"line":33,"column":4},"end":{"line":60,"column":9}},"4":{"start":{"line":35,"column":8},"end":{"line":35,"column":19}},"5":{"start":{"line":37,"column":8},"end":{"line":49,"column":13}},"6":{"start":{"line":38,"column":12},"end":{"line":48,"column":13}},"7":{"start":{"line":39,"column":16},"end":{"line":42,"column":30}},"8":{"start":{"line":44,"column":16},"end":{"line":47,"column":27}},"9":{"start":{"line":51,"column":8},"end":{"line":53,"column":21}},"10":{"start":{"line":55,"column":8},"end":{"line":57,"column":45}},"11":{"start":{"line":59,"column":8},"end":{"line":59,"column":35}},"12":{"start":{"line":61,"column":4},"end":{"line":325,"column":5}},"13":{"start":{"line":69,"column":8},"end":{"line":121,"column":10},"skip":true},"14":{"start":{"line":70,"column":12},"end":{"line":88,"column":13},"skip":true},"15":{"start":{"line":76,"column":16},"end":{"line":87,"column":19},"skip":true},"16":{"start":{"line":79,"column":20},"end":{"line":86,"column":21},"skip":true},"17":{"start":{"line":82,"column":24},"end":{"line":82,"column":43},"skip":true},"18":{"start":{"line":83,"column":24},"end":{"line":83,"column":30},"skip":true},"19":{"start":{"line":85,"column":24},"end":{"line":85,"column":49},"skip":true},"20":{"start":{"line":89,"column":12},"end":{"line":107,"column":13},"skip":true},"21":{"start":{"line":92,"column":16},"end":{"line":102,"column":17},"skip":true},"22":{"start":{"line":93,"column":20},"end":{"line":93,"column":86},"skip":true},"23":{"start":{"line":94,"column":20},"end":{"line":95,"column":45},"skip":true},"24":{"start":{"line":96,"column":20},"end":{"line":96,"column":42},"skip":true},"25":{"start":{"line":97,"column":20},"end":{"line":97,"column":48},"skip":true},"26":{"start":{"line":100,"column":20},"end":{"line":100,"column":85},"skip":true},"27":{"start":{"line":101,"column":20},"end":{"line":101,"column":96},"skip":true},"28":{"start":{"line":103,"column":16},"end":{"line":103,"column":22},"skip":true},"29":{"start":{"line":106,"column":16},"end":{"line":106,"column":22},"skip":true},"30":{"start":{"line":108,"column":12},"end":{"line":120,"column":13},"skip":true},"31":{"start":{"line":114,"column":16},"end":{"line":119,"column":17},"skip":true},"32":{"start":{"line":116,"column":20},"end":{"line":116,"column":78},"skip":true},"33":{"start":{"line":118,"column":20},"end":{"line":118,"column":47},"skip":true},"34":{"start":{"line":123,"column":8},"end":{"line":141,"column":11},"skip":true},"35":{"start":{"line":124,"column":12},"end":{"line":124,"column":54},"skip":true},"36":{"start":{"line":125,"column":12},"end":{"line":140,"column":14},"skip":true},"37":{"start":{"line":126,"column":16},"end":{"line":126,"column":28},"skip":true},"38":{"start":{"line":127,"column":16},"end":{"line":127,"column":69},"skip":true},"39":{"start":{"line":128,"column":16},"end":{"line":128,"column":75},"skip":true},"40":{"start":{"line":129,"column":16},"end":{"line":131,"column":17},"skip":true},"41":{"start":{"line":130,"column":20},"end":{"line":130,"column":27},"skip":true},"42":{"start":{"line":133,"column":16},"end":{"line":137,"column":36},"skip":true},"43":{"start":{"line":134,"column":20},"end":{"line":136,"column":55},"skip":true},"44":{"start":{"line":139,"column":16},"end":{"line":139,"column":57},"skip":true},"45":{"start":{"line":143,"column":8},"end":{"line":147,"column":11},"skip":true},"46":{"start":{"line":144,"column":12},"end":{"line":146,"column":15},"skip":true},"47":{"start":{"line":145,"column":16},"end":{"line":145,"column":70},"skip":true},"48":{"start":{"line":149,"column":8},"end":{"line":149,"column":31},"skip":true},"49":{"start":{"line":150,"column":8},"end":{"line":150,"column":14},"skip":true},"50":{"start":{"line":158,"column":8},"end":{"line":158,"column":31},"skip":true},"51":{"start":{"line":160,"column":8},"end":{"line":160,"column":33},"skip":true},"52":{"start":{"line":161,"column":8},"end":{"line":161,"column":37},"skip":true},"53":{"start":{"line":162,"column":8},"end":{"line":162,"column":35},"skip":true},"54":{"start":{"line":164,"column":8},"end":{"line":164,"column":50},"skip":true},"55":{"start":{"line":166,"column":8},"end":{"line":256,"column":2},"skip":true},"56":{"start":{"line":258,"column":8},"end":{"line":286,"column":9},"skip":true},"57":{"start":{"line":259,"column":12},"end":{"line":269,"column":14},"skip":true},"58":{"start":{"line":271,"column":12},"end":{"line":285,"column":19},"skip":true},"59":{"start":{"line":274,"column":20},"end":{"line":274,"column":35},"skip":true},"60":{"start":{"line":275,"column":20},"end":{"line":284,"column":21},"skip":true},"61":{"start":{"line":277,"column":24},"end":{"line":277,"column":64},"skip":true},"62":{"start":{"line":279,"column":24},"end":{"line":279,"column":40},"skip":true},"63":{"start":{"line":281,"column":24},"end":{"line":281,"column":40},"skip":true},"64":{"start":{"line":283,"column":24},"end":{"line":283,"column":39},"skip":true},"65":{"start":{"line":288,"column":8},"end":{"line":290,"column":9},"skip":true},"66":{"start":{"line":289,"column":12},"end":{"line":289,"column":18},"skip":true},"67":{"start":{"line":291,"column":8},"end":{"line":293,"column":54},"skip":true},"68":{"start":{"line":296,"column":8},"end":{"line":301,"column":37},"skip":true},"69":{"start":{"line":303,"column":8},"end":{"line":303,"column":82},"skip":true},"70":{"start":{"line":306,"column":8},"end":{"line":308,"column":9},"skip":true},"71":{"start":{"line":307,"column":12},"end":{"line":307,"column":82},"skip":true},"72":{"start":{"line":310,"column":8},"end":{"line":312,"column":9},"skip":true},"73":{"start":{"line":311,"column":12},"end":{"line":311,"column":18},"skip":true},"74":{"start":{"line":313,"column":8},"end":{"line":313,"column":54},"skip":true},"75":{"start":{"line":314,"column":8},"end":{"line":314,"column":69},"skip":true},"76":{"start":{"line":315,"column":8},"end":{"line":323,"column":36},"skip":true},"77":{"start":{"line":316,"column":12},"end":{"line":316,"column":61},"skip":true},"78":{"start":{"line":317,"column":12},"end":{"line":320,"column":13},"skip":true},"79":{"start":{"line":318,"column":16},"end":{"line":318,"column":75},"skip":true},"80":{"start":{"line":319,"column":16},"end":{"line":319,"column":23},"skip":true},"81":{"start":{"line":321,"column":12},"end":{"line":321,"column":38},"skip":true},"82":{"start":{"line":322,"column":12},"end":{"line":322,"column":27},"skip":true},"83":{"start":{"line":324,"column":8},"end":{"line":324,"column":14},"skip":true}},"branchMap":{"1":{"line":39,"type":"binary-expr","locations":[{"start":{"line":39,"column":23},"end":{"line":39,"column":62}},{"start":{"line":40,"column":20},"end":{"line":40,"column":70}},{"start":{"line":41,"column":20},"end":{"line":41,"column":71}},{"start":{"line":42,"column":20},"end":{"line":42,"column":29}}]},"2":{"line":44,"type":"binary-expr","locations":[{"start":{"line":44,"column":23},"end":{"line":44,"column":37}},{"start":{"line":45,"column":20},"end":{"line":45,"column":61}},{"start":{"line":46,"column":20},"end":{"line":46,"column":70}},{"start":{"line":47,"column":20},"end":{"line":47,"column":26}}]},"3":{"line":51,"type":"cond-expr","locations":[{"start":{"line":52,"column":14},"end":{"line":52,"column":20}},{"start":{"line":53,"column":14},"end":{"line":53,"column":20}}]},"4":{"line":55,"type":"binary-expr","locations":[{"start":{"line":55,"column":16},"end":{"line":55,"column":44}},{"start":{"line":55,"column":49},"end":{"line":57,"column":43}}]},"5":{"line":55,"type":"cond-expr","locations":[{"start":{"line":56,"column":14},"end":{"line":56,"column":63}},{"start":{"line":57,"column":14},"end":{"line":57,"column":43}}]},"6":{"line":61,"type":"switch","locations":[{"start":{"line":68,"column":4},"end":{"line":150,"column":14},"skip":true},{"start":{"line":156,"column":4},"end":{"line":324,"column":14},"skip":true}]},"7":{"line":70,"type":"if","locations":[{"start":{"line":70,"column":12},"end":{"line":70,"column":12},"skip":true},{"start":{"line":70,"column":12},"end":{"line":70,"column":12},"skip":true}]},"8":{"line":70,"type":"binary-expr","locations":[{"start":{"line":70,"column":16},"end":{"line":70,"column":22},"skip":true},{"start":{"line":70,"column":27},"end":{"line":70,"column":32},"skip":true},{"start":{"line":71,"column":20},"end":{"line":71,"column":39},"skip":true},{"start":{"line":72,"column":20},"end":{"line":72,"column":49},"skip":true},{"start":{"line":73,"column":20},"end":{"line":73,"column":58},"skip":true},{"start":{"line":74,"column":20},"end":{"line":74,"column":69},"skip":true}]},"9":{"line":79,"type":"switch","locations":[{"start":{"line":80,"column":20},"end":{"line":80,"column":33},"skip":true},{"start":{"line":81,"column":20},"end":{"line":83,"column":30},"skip":true},{"start":{"line":84,"column":20},"end":{"line":85,"column":49},"skip":true}]},"10":{"line":89,"type":"switch","locations":[{"start":{"line":90,"column":12},"end":{"line":103,"column":22},"skip":true},{"start":{"line":105,"column":12},"end":{"line":106,"column":22},"skip":true}]},"11":{"line":89,"type":"binary-expr","locations":[{"start":{"line":89,"column":20},"end":{"line":89,"column":25},"skip":true},{"start":{"line":89,"column":29},"end":{"line":89,"column":48},"skip":true},{"start":{"line":89,"column":52},"end":{"line":89,"column":74},"skip":true}]},"12":{"line":92,"type":"if","locations":[{"start":{"line":92,"column":16},"end":{"line":92,"column":16},"skip":true},{"start":{"line":92,"column":16},"end":{"line":92,"column":16},"skip":true}]},"13":{"line":108,"type":"if","locations":[{"start":{"line":108,"column":12},"end":{"line":108,"column":12},"skip":true},{"start":{"line":108,"column":12},"end":{"line":108,"column":12},"skip":true}]},"14":{"line":108,"type":"binary-expr","locations":[{"start":{"line":108,"column":16},"end":{"line":108,"column":61},"skip":true},{"start":{"line":108,"column":66},"end":{"line":108,"column":72},"skip":true},{"start":{"line":108,"column":77},"end":{"line":108,"column":82},"skip":true},{"start":{"line":109,"column":20},"end":{"line":109,"column":39},"skip":true},{"start":{"line":110,"column":20},"end":{"line":110,"column":49},"skip":true},{"start":{"line":111,"column":20},"end":{"line":111,"column":58},"skip":true},{"start":{"line":112,"column":20},"end":{"line":112,"column":68},"skip":true}]},"15":{"line":129,"type":"if","locations":[{"start":{"line":129,"column":16},"end":{"line":129,"column":16},"skip":true},{"start":{"line":129,"column":16},"end":{"line":129,"column":16},"skip":true}]},"16":{"line":134,"type":"cond-expr","locations":[{"start":{"line":135,"column":26},"end":{"line":135,"column":29},"skip":true},{"start":{"line":136,"column":26},"end":{"line":136,"column":54},"skip":true}]},"17":{"line":164,"type":"binary-expr","locations":[{"start":{"line":164,"column":27},"end":{"line":164,"column":43},"skip":true},{"start":{"line":164,"column":47},"end":{"line":164,"column":49},"skip":true}]},"18":{"line":258,"type":"if","locations":[{"start":{"line":258,"column":8},"end":{"line":258,"column":8},"skip":true},{"start":{"line":258,"column":8},"end":{"line":258,"column":8},"skip":true}]},"19":{"line":275,"type":"switch","locations":[{"start":{"line":276,"column":20},"end":{"line":277,"column":64},"skip":true},{"start":{"line":278,"column":20},"end":{"line":279,"column":40},"skip":true},{"start":{"line":280,"column":20},"end":{"line":281,"column":40},"skip":true},{"start":{"line":282,"column":20},"end":{"line":283,"column":39},"skip":true}]},"20":{"line":288,"type":"if","locations":[{"start":{"line":288,"column":8},"end":{"line":288,"column":8},"skip":true},{"start":{"line":288,"column":8},"end":{"line":288,"column":8},"skip":true}]},"21":{"line":288,"type":"binary-expr","locations":[{"start":{"line":288,"column":12},"end":{"line":288,"column":40},"skip":true},{"start":{"line":288,"column":44},"end":{"line":288,"column":67},"skip":true}]},"22":{"line":292,"type":"binary-expr","locations":[{"start":{"line":292,"column":12},"end":{"line":292,"column":50},"skip":true},{"start":{"line":293,"column":12},"end":{"line":293,"column":53},"skip":true}]},"23":{"line":297,"type":"binary-expr","locations":[{"start":{"line":297,"column":12},"end":{"line":297,"column":77},"skip":true},{"start":{"line":298,"column":12},"end":{"line":301,"column":36},"skip":true}]},"24":{"line":303,"type":"binary-expr","locations":[{"start":{"line":303,"column":43},"end":{"line":303,"column":75},"skip":true},{"start":{"line":303,"column":79},"end":{"line":303,"column":81},"skip":true}]},"25":{"line":306,"type":"if","locations":[{"start":{"line":306,"column":8},"end":{"line":306,"column":8},"skip":true},{"start":{"line":306,"column":8},"end":{"line":306,"column":8},"skip":true}]},"26":{"line":310,"type":"if","locations":[{"start":{"line":310,"column":8},"end":{"line":310,"column":8},"skip":true},{"start":{"line":310,"column":8},"end":{"line":310,"column":8},"skip":true}]},"27":{"line":313,"type":"binary-expr","locations":[{"start":{"line":313,"column":27},"end":{"line":313,"column":43},"skip":true},{"start":{"line":313,"column":47},"end":{"line":313,"column":53},"skip":true}]},"28":{"line":317,"type":"if","locations":[{"start":{"line":317,"column":12},"end":{"line":317,"column":12},"skip":true},{"start":{"line":317,"column":12},"end":{"line":317,"column":12},"skip":true}]}},"code":["/*","example.js","","quickstart example","","instruction","    1. save this script as example.js","    2. run the shell command:","        $ npm install npmtest-express-redis-cache && PORT=8081 node example.js","    3. play with the browser-demo on http://127.0.0.1:8081","*/","","","","/* istanbul instrument in package npmtest_express_redis_cache */","/*jslint","    bitwise: true,","    browser: true,","    maxerr: 8,","    maxlen: 96,","    node: true,","    nomen: true,","    regexp: true,","    stupid: true","*/","(function () {","    'use strict';","    var local;","","","","    // run shared js-env code - init-before","    (function () {","        // init local","        local = {};","        // init modeJs","        local.modeJs = (function () {","            try {","                return typeof navigator.userAgent === 'string' &&","                    typeof document.querySelector('body') === 'object' &&","                    typeof XMLHttpRequest.prototype.open === 'function' &&","                    'browser';","            } catch (errorCaughtBrowser) {","                return module.exports &&","                    typeof process.versions.node === 'string' &&","                    typeof require('http').createServer === 'function' &&","                    'node';","            }","        }());","        // init global","        local.global = local.modeJs === 'browser'","            ? window","            : global;","        // init utility2_rollup","        local = local.global.utility2_rollup || (local.modeJs === 'browser'","            ? local.global.utility2_npmtest_express_redis_cache","            : global.utility2_moduleExports);","        // export local","        local.global.local = local;","    }());","    switch (local.modeJs) {","","","","    // init-after","    // run browser js-env code - init-after","    /* istanbul ignore next */","    case 'browser':","        local.testRunBrowser = function (event) {","            if (!event || (event &&","                    event.currentTarget &&","                    event.currentTarget.className &&","                    event.currentTarget.className.includes &&","                    event.currentTarget.className.includes('onreset'))) {","                // reset output","                Array.from(","                    document.querySelectorAll('body > .resettable')","                ).forEach(function (element) {","                    switch (element.tagName) {","                    case 'INPUT':","                    case 'TEXTAREA':","                        element.value = '';","                        break;","                    default:","                        element.textContent = '';","                    }","                });","            }","            switch (event && event.currentTarget && event.currentTarget.id) {","            case 'testRunButton1':","                // show tests","                if (document.querySelector('#testReportDiv1').style.display === 'none') {","                    document.querySelector('#testReportDiv1').style.display = 'block';","                    document.querySelector('#testRunButton1').textContent =","                        'hide internal test';","                    local.modeTest = true;","                    local.testRunDefault(local);","                // hide tests","                } else {","                    document.querySelector('#testReportDiv1').style.display = 'none';","                    document.querySelector('#testRunButton1').textContent = 'run internal test';","                }","                break;","            // custom-case","            default:","                break;","            }","            if (document.querySelector('#inputTextareaEval1') && (!event || (event &&","                    event.currentTarget &&","                    event.currentTarget.className &&","                    event.currentTarget.className.includes &&","                    event.currentTarget.className.includes('oneval')))) {","                // try to eval input-code","                try {","                    /*jslint evil: true*/","                    eval(document.querySelector('#inputTextareaEval1').value);","                } catch (errorCaught) {","                    console.error(errorCaught);","                }","            }","        };","        // log stderr and stdout to #outputTextareaStdout1","        ['error', 'log'].forEach(function (key) {","            console[key + '_original'] = console[key];","            console[key] = function () {","                var element;","                console[key + '_original'].apply(console, arguments);","                element = document.querySelector('#outputTextareaStdout1');","                if (!element) {","                    return;","                }","                // append text to #outputTextareaStdout1","                element.value += Array.from(arguments).map(function (arg) {","                    return typeof arg === 'string'","                        ? arg","                        : JSON.stringify(arg, null, 4);","                }).join(' ') + '\\n';","                // scroll textarea to bottom","                element.scrollTop = element.scrollHeight;","            };","        });","        // init event-handling","        ['change', 'click', 'keyup'].forEach(function (event) {","            Array.from(document.querySelectorAll('.on' + event)).forEach(function (element) {","                element.addEventListener(event, local.testRunBrowser);","            });","        });","        // run tests","        local.testRunBrowser();","        break;","","","","    // run node js-env code - init-after","    /* istanbul ignore next */","    case 'node':","        // export local","        module.exports = local;","        // require modules","        local.fs = require('fs');","        local.http = require('http');","        local.url = require('url');","        // init assets","        local.assetsDict = local.assetsDict || {};","        /* jslint-ignore-begin */","        local.assetsDict['/assets.index.template.html'] = '\\","<!doctype html>\\n\\","<html lang=\"en\">\\n\\","<head>\\n\\","<meta charset=\"UTF-8\">\\n\\","<meta name=\"viewport\" content=\"width=device-width, initial-scale=1\">\\n\\","<title>{{env.npm_package_name}} (v{{env.npm_package_version}})</title>\\n\\","<style>\\n\\","/*csslint\\n\\","    box-sizing: false,\\n\\","    universal-selector: false\\n\\","*/\\n\\","* {\\n\\","    box-sizing: border-box;\\n\\","}\\n\\","body {\\n\\","    background: #dde;\\n\\","    font-family: Arial, Helvetica, sans-serif;\\n\\","    margin: 2rem;\\n\\","}\\n\\","body > * {\\n\\","    margin-bottom: 1rem;\\n\\","}\\n\\",".utility2FooterDiv {\\n\\","    margin-top: 20px;\\n\\","    text-align: center;\\n\\","}\\n\\","</style>\\n\\","<style>\\n\\","/*csslint\\n\\","*/\\n\\","textarea {\\n\\","    font-family: monospace;\\n\\","    height: 10rem;\\n\\","    width: 100%;\\n\\","}\\n\\","textarea[readonly] {\\n\\","    background: #ddd;\\n\\","}\\n\\","</style>\\n\\","</head>\\n\\","<body>\\n\\","<!-- utility2-comment\\n\\","<div id=\"ajaxProgressDiv1\" style=\"background: #d00; height: 2px; left: 0; margin: 0; padding: 0; position: fixed; top: 0; transition: background 0.5s, width 1.5s; width: 25%;\"></div>\\n\\","utility2-comment -->\\n\\","<h1>\\n\\","<!-- utility2-comment\\n\\","    <a\\n\\","        {{#if env.npm_package_homepage}}\\n\\","        href=\"{{env.npm_package_homepage}}\"\\n\\","        {{/if env.npm_package_homepage}}\\n\\","        target=\"_blank\"\\n\\","    >\\n\\","utility2-comment -->\\n\\","        {{env.npm_package_name}} (v{{env.npm_package_version}})\\n\\","<!-- utility2-comment\\n\\","    </a>\\n\\","utility2-comment -->\\n\\","</h1>\\n\\","<h3>{{env.npm_package_description}}</h3>\\n\\","<!-- utility2-comment\\n\\","<h4><a download href=\"assets.app.js\">download standalone app</a></h4>\\n\\","<button class=\"onclick onreset\" id=\"testRunButton1\">run internal test</button><br>\\n\\","<div id=\"testReportDiv1\" style=\"display: none;\"></div>\\n\\","utility2-comment -->\\n\\","\\n\\","\\n\\","\\n\\","<label>stderr and stdout</label>\\n\\","<textarea class=\"resettable\" id=\"outputTextareaStdout1\" readonly></textarea>\\n\\","<!-- utility2-comment\\n\\","{{#if isRollup}}\\n\\","<script src=\"assets.app.js\"></script>\\n\\","{{#unless isRollup}}\\n\\","utility2-comment -->\\n\\","<script src=\"assets.utility2.rollup.js\"></script>\\n\\","<script src=\"jsonp.utility2._stateInit?callback=window.utility2._stateInit\"></script>\\n\\","<script src=\"assets.npmtest_express_redis_cache.rollup.js\"></script>\\n\\","<script src=\"assets.example.js\"></script>\\n\\","<script src=\"assets.test.js\"></script>\\n\\","<!-- utility2-comment\\n\\","{{/if isRollup}}\\n\\","utility2-comment -->\\n\\","<div class=\"utility2FooterDiv\">\\n\\","    [ this app was created with\\n\\","    <a href=\"https://github.com/kaizhu256/node-utility2\" target=\"_blank\">utility2</a>\\n\\","    ]\\n\\","</div>\\n\\","</body>\\n\\","</html>\\n\\","';","        /* jslint-ignore-end */","        if (local.templateRender) {","            local.assetsDict['/'] = local.templateRender(","                local.assetsDict['/assets.index.template.html'],","                {","                    env: local.objectSetDefault(local.env, {","                        npm_package_description: 'the greatest app in the world!',","                        npm_package_name: 'my-app',","                        npm_package_nameAlias: 'my_app',","                        npm_package_version: '0.0.1'","                    })","                }","            );","        } else {","            local.assetsDict['/'] = local.assetsDict['/assets.index.template.html']","                .replace((/\\{\\{env\\.(\\w+?)\\}\\}/g), function (match0, match1) {","                    // jslint-hack","                    String(match0);","                    switch (match1) {","                    case 'npm_package_description':","                        return 'the greatest app in the world!';","                    case 'npm_package_name':","                        return 'my-app';","                    case 'npm_package_nameAlias':","                        return 'my_app';","                    case 'npm_package_version':","                        return '0.0.1';","                    }","                });","        }","        // run the cli","        if (local.global.utility2_rollup || module !== require.main) {","            break;","        }","        local.assetsDict['/assets.example.js'] =","            local.assetsDict['/assets.example.js'] ||","            local.fs.readFileSync(__filename, 'utf8');","        // bug-workaround - long $npm_package_buildCustomOrg","        /* jslint-ignore-begin */","        local.assetsDict['/assets.npmtest_express_redis_cache.rollup.js'] =","            local.assetsDict['/assets.npmtest_express_redis_cache.rollup.js'] ||","            local.fs.readFileSync(","                local.npmtest_express_redis_cache.__dirname + '/lib.npmtest_express_redis_cache.js',","                'utf8'","            ).replace((/^#!/), '//');","        /* jslint-ignore-end */","        local.assetsDict['/favicon.ico'] = local.assetsDict['/favicon.ico'] || '';","        // if $npm_config_timeout_exit exists,","        // then exit this process after $npm_config_timeout_exit ms","        if (Number(process.env.npm_config_timeout_exit)) {","            setTimeout(process.exit, Number(process.env.npm_config_timeout_exit));","        }","        // start server","        if (local.global.utility2_serverHttp1) {","            break;","        }","        process.env.PORT = process.env.PORT || '8081';","        console.error('server starting on port ' + process.env.PORT);","        local.http.createServer(function (request, response) {","            request.urlParsed = local.url.parse(request.url);","            if (local.assetsDict[request.urlParsed.pathname] !== undefined) {","                response.end(local.assetsDict[request.urlParsed.pathname]);","                return;","            }","            response.statusCode = 404;","            response.end();","        }).listen(process.env.PORT);","        break;","    }","}());",""],"l":{"26":2,"28":2,"33":2,"35":2,"37":2,"38":2,"39":2,"44":1,"51":2,"55":2,"59":2,"61":2,"69":1,"70":2,"76":2,"79":2,"82":2,"83":2,"85":1,"89":2,"92":1,"93":1,"94":1,"96":1,"97":1,"100":1,"101":1,"103":1,"106":1,"108":2,"114":1,"116":1,"118":1,"123":1,"124":2,"125":2,"126":3,"127":3,"128":3,"129":3,"130":1,"133":3,"134":3,"139":3,"143":1,"144":3,"145":1,"149":1,"150":1,"158":1,"160":1,"161":1,"162":1,"164":1,"166":1,"258":1,"259":1,"271":1,"274":6,"275":6,"277":1,"279":2,"281":1,"283":2,"288":1,"289":1,"291":1,"296":1,"303":1,"306":1,"307":1,"310":1,"311":1,"313":1,"314":1,"315":1,"316":1,"317":1,"318":1,"319":1,"321":1,"322":1,"324":1}},"/home/travis/build/npmtest/node-npmtest-express-redis-cache/node_modules/express-redis-cache/index.js":{"path":"/home/travis/build/npmtest/node-npmtest-express-redis-cache/node_modules/express-redis-cache/index.js","s":{"1":1,"2":1},"b":{},"f":{"1":1},"fnMap":{"1":{"name":"(anonymous_1)","line":7,"loc":{"start":{"line":7,"column":2},"end":{"line":7,"column":14}}}},"statementMap":{"1":{"start":{"line":7,"column":0},"end":{"line":13,"column":4}},"2":{"start":{"line":11,"column":2},"end":{"line":11,"column":59}}},"branchMap":{},"code":["/**"," *  <   M   A   I   N   >"," *"," *  npm main"," */","","! function () {","","  'use strict';","","  module.exports = require('./lib/ExpressRedisCache').init;","","}();",""],"l":{"7":1,"11":1}},"/home/travis/build/npmtest/node-npmtest-express-redis-cache/node_modules/express-redis-cache/lib/ExpressRedisCache.js":{"path":"/home/travis/build/npmtest/node-npmtest-express-redis-cache/node_modules/express-redis-cache/lib/ExpressRedisCache.js","s":{"1":1,"2":1,"3":1,"4":0,"5":0,"6":0,"7":0,"8":0,"9":0,"10":0,"11":0,"12":0,"13":0,"14":0,"15":0,"16":0,"17":0,"18":0,"19":0,"20":0,"21":0,"22":0,"23":0,"24":1,"25":1,"26":1,"27":1,"28":1,"29":1,"30":1,"31":0,"32":1},"b":{"1":[0,0],"2":[0,0],"3":[0,0],"4":[0,0],"5":[0,0],"6":[0,0],"7":[0,0]},"f":{"1":1,"2":0,"3":0,"4":0,"5":0,"6":0},"fnMap":{"1":{"name":"(anonymous_1)","line":1,"loc":{"start":{"line":1,"column":18},"end":{"line":1,"column":30}}},"2":{"name":"ExpressRedisCache","line":15,"loc":{"start":{"line":15,"column":2},"end":{"line":15,"column":39}}},"3":{"name":"(anonymous_3)","line":84,"loc":{"start":{"line":84,"column":30},"end":{"line":84,"column":47}}},"4":{"name":"(anonymous_4)","line":88,"loc":{"start":{"line":88,"column":32},"end":{"line":88,"column":44}}},"5":{"name":"(anonymous_5)","line":94,"loc":{"start":{"line":94,"column":28},"end":{"line":94,"column":40}}},"6":{"name":"(anonymous_6)","line":164,"loc":{"start":{"line":164,"column":27},"end":{"line":164,"column":46}}}},"statementMap":{"1":{"start":{"line":1,"column":0},"end":{"line":170,"column":5}},"2":{"start":{"line":5,"column":2},"end":{"line":5,"column":49}},"3":{"start":{"line":15,"column":2},"end":{"line":100,"column":3}},"4":{"start":{"line":22,"column":4},"end":{"line":22,"column":33}},"5":{"start":{"line":29,"column":4},"end":{"line":29,"column":55}},"6":{"start":{"line":36,"column":4},"end":{"line":36,"column":49}},"7":{"start":{"line":43,"column":4},"end":{"line":43,"column":44}},"8":{"start":{"line":49,"column":5},"end":{"line":49,"column":45}},"9":{"start":{"line":59,"column":4},"end":{"line":59,"column":22}},"10":{"start":{"line":65,"column":4},"end":{"line":65,"column":54}},"11":{"start":{"line":72,"column":4},"end":{"line":72,"column":27}},"12":{"start":{"line":79,"column":4},"end":{"line":79,"column":124}},"13":{"start":{"line":83,"column":4},"end":{"line":99,"column":5}},"14":{"start":{"line":84,"column":6},"end":{"line":86,"column":20}},"15":{"start":{"line":85,"column":8},"end":{"line":85,"column":34}},"16":{"start":{"line":88,"column":6},"end":{"line":92,"column":20}},"17":{"start":{"line":89,"column":8},"end":{"line":89,"column":30}},"18":{"start":{"line":90,"column":8},"end":{"line":90,"column":69}},"19":{"start":{"line":91,"column":8},"end":{"line":91,"column":79}},"20":{"start":{"line":94,"column":6},"end":{"line":98,"column":20}},"21":{"start":{"line":95,"column":8},"end":{"line":95,"column":31}},"22":{"start":{"line":96,"column":8},"end":{"line":96,"column":72}},"23":{"start":{"line":97,"column":8},"end":{"line":97,"column":103}},"24":{"start":{"line":104,"column":2},"end":{"line":104,"column":78}},"25":{"start":{"line":114,"column":2},"end":{"line":114,"column":71}},"26":{"start":{"line":124,"column":2},"end":{"line":124,"column":71}},"27":{"start":{"line":134,"column":2},"end":{"line":134,"column":71}},"28":{"start":{"line":144,"column":2},"end":{"line":144,"column":75}},"29":{"start":{"line":154,"column":2},"end":{"line":154,"column":73}},"30":{"start":{"line":164,"column":2},"end":{"line":166,"column":4}},"31":{"start":{"line":165,"column":4},"end":{"line":165,"column":42}},"32":{"start":{"line":168,"column":2},"end":{"line":168,"column":27}}},"branchMap":{"1":{"line":22,"type":"binary-expr","locations":[{"start":{"line":22,"column":19},"end":{"line":22,"column":26}},{"start":{"line":22,"column":30},"end":{"line":22,"column":32}}]},"2":{"line":29,"type":"binary-expr","locations":[{"start":{"line":29,"column":18},"end":{"line":29,"column":37}},{"start":{"line":29,"column":41},"end":{"line":29,"column":54}}]},"3":{"line":36,"type":"binary-expr","locations":[{"start":{"line":36,"column":16},"end":{"line":36,"column":33}},{"start":{"line":36,"column":37},"end":{"line":36,"column":48}}]},"4":{"line":43,"type":"binary-expr","locations":[{"start":{"line":43,"column":16},"end":{"line":43,"column":33}},{"start":{"line":43,"column":37},"end":{"line":43,"column":43}}]},"5":{"line":65,"type":"binary-expr","locations":[{"start":{"line":65,"column":18},"end":{"line":65,"column":37}},{"start":{"line":65,"column":41},"end":{"line":65,"column":53}}]},"6":{"line":79,"type":"binary-expr","locations":[{"start":{"line":79,"column":18},"end":{"line":79,"column":37}},{"start":{"line":79,"column":41},"end":{"line":79,"column":123}}]},"7":{"line":83,"type":"if","locations":[{"start":{"line":83,"column":4},"end":{"line":83,"column":4}},{"start":{"line":83,"column":4},"end":{"line":83,"column":4}}]}},"code":["module.exports = (function () {","","  'use strict';","","  var config = require('../package.json').config;","","  /**  ExpressRedisCache","   *","   *  @class","   *  @description Main class","   *  @extends EventEmitter","   *  @arg {Object} options? - Options (view README)","   */","","  function ExpressRedisCache (options) {","","    /** The request options","     *","     *  @type Object","     */","","    this.options = options || {};","","    /** The entry name prefix","     *","     *  @type String","     */","","    this.prefix = this.options.prefix || config.prefix;","","    /** The host to connect to (default host if null)","     *","     *  @type String","     */","","    this.host = this.options.host || \"localhost\";","","    /** The port to connect to (default port if null)","     *","     *  @type Number","     */","","    this.port = this.options.port || \"6379\";","","    /** The password of Redis server (optional)","     *","     *  @type String","     */","     this.auth_pass = this.options.auth_pass;","","    /** An alias to disable expiration for a specific route","     *","     *  var cache = new ExpressRedisCache();","     *  cache.route('page', cache.FOREVER); // cache will not expire","     *","     *  @type number","     */","","    this.FOREVER = -1;","","    /** Set expiration time in seconds, default is -1 (No expire)","     *  @type number","     */","","    this.expire = this.options.expire || this.FOREVER;","","    /** Whether or not express-redis-cache is connected to Redis","     *","     *  @type Boolean","     */","","    this.connected = false;","","    /** The Redis Client","     *","     *  @type Object (preferably a client from the official Redis module)","     */","","    this.client = this.options.client || require('redis').createClient(this.port, this.host, { auth_pass: this.auth_pass });","","    /** If client can emit */","","    if ( this.client.on ) {","      this.client.on('error', function (error) {","        this.emit('error', error);","      }.bind(this));","","      this.client.on('connect', function () {","        this.connected = true;","        this.emit('connected', { host: this.host, port: this.port });","        this.emit('message', 'OK connected to redis://' + this.client.address);","      }.bind(this));","","      this.client.on('end', function () {","        this.connected = false;","        this.emit('disconnected', { host: this.host, port: this.port });","        this.emit('message', 'Disconnected from redis://' + this.client.host + ':' + this.client.port);","      }.bind(this));","    }","  }","","  /** Extend Event Emitter */","","  require('util').inherits(ExpressRedisCache, require('events').EventEmitter);","","  /**  js-comment","   *","   *  @method","   *  @description Get -","   *  @return void{Object}","   *  @arg {Object} arg - About arg","   */","","  ExpressRedisCache.prototype.get = require('./ExpressRedisCache/get');","","  /**  js-comment","   *","   *  @method","   *  @description This is a method","   *  @return void{Object}","   *  @arg {Object} arg - About arg","   */","","  ExpressRedisCache.prototype.add = require('./ExpressRedisCache/add');","","  /**  js-comment","   *","   *  @method","   *  @description This is a method","   *  @return void{Object}","   *  @arg {Object} arg - About arg","   */","","  ExpressRedisCache.prototype.del = require('./ExpressRedisCache/del');","","  /**  js-comment","   *","   *  @method","   *  @description This is a method","   *  @return void{Object}","   *  @arg {Object} arg - About arg","   */","","  ExpressRedisCache.prototype.route = require('./ExpressRedisCache/route');","","  /**  js-comment","   *","   *  @method","   *  @description This is a method","   *  @return void{Object}","   *  @arg {Object} arg - About arg","   */","","  ExpressRedisCache.prototype.size = require('./ExpressRedisCache/size');","","  /**  js-comment","   *","   *  @function","   *  @description Factory for ExpressRedisCache","   *  @return ExpressRedisCache","   *  @arg {Object} arg - About arg","   */","","  ExpressRedisCache.init = function (options) {","    return new ExpressRedisCache(options);","  };","","  return ExpressRedisCache;","","})();",""],"l":{"1":1,"5":1,"15":1,"22":0,"29":0,"36":0,"43":0,"49":0,"59":0,"65":0,"72":0,"79":0,"83":0,"84":0,"85":0,"88":0,"89":0,"90":0,"91":0,"94":0,"95":0,"96":0,"97":0,"104":1,"114":1,"124":1,"134":1,"144":1,"154":1,"164":1,"165":0,"168":1}},"/home/travis/build/npmtest/node-npmtest-express-redis-cache/node_modules/express-redis-cache/lib/ExpressRedisCache/get.js":{"path":"/home/travis/build/npmtest/node-npmtest-express-redis-cache/node_modules/express-redis-cache/lib/ExpressRedisCache/get.js","s":{"1":1,"2":1,"3":0,"4":0,"5":0,"6":0,"7":0,"8":0,"9":0,"10":0,"11":0,"12":0,"13":0,"14":0,"15":0,"16":0,"17":0,"18":0,"19":0,"20":0,"21":0,"22":0,"23":0,"24":0,"25":0,"26":0,"27":0,"28":1},"b":{"1":[0,0],"2":[0,0],"3":[0,0]},"f":{"1":1,"2":0,"3":0,"4":0,"5":0,"6":0,"7":0,"8":0,"9":0},"fnMap":{"1":{"name":"(anonymous_1)","line":1,"loc":{"start":{"line":1,"column":18},"end":{"line":1,"column":30}}},"2":{"name":"get","line":15,"loc":{"start":{"line":15,"column":2},"end":{"line":15,"column":32}}},"3":{"name":"(anonymous_3)","line":20,"loc":{"start":{"line":20,"column":23},"end":{"line":20,"column":40}}},"4":{"name":"(anonymous_4)","line":26,"loc":{"start":{"line":26,"column":15},"end":{"line":26,"column":27}}},"5":{"name":"(anonymous_5)","line":37,"loc":{"start":{"line":37,"column":61},"end":{"line":37,"column":77}}},"6":{"name":"(anonymous_6)","line":43,"loc":{"start":{"line":43,"column":43},"end":{"line":43,"column":58}}},"7":{"name":"(anonymous_7)","line":44,"loc":{"start":{"line":44,"column":17},"end":{"line":44,"column":31}}},"8":{"name":"(anonymous_8)","line":45,"loc":{"start":{"line":45,"column":54},"end":{"line":45,"column":72}}},"9":{"name":"(anonymous_9)","line":54,"loc":{"start":{"line":54,"column":29},"end":{"line":54,"column":48}}}},"statementMap":{"1":{"start":{"line":1,"column":0},"end":{"line":65,"column":6}},"2":{"start":{"line":15,"column":2},"end":{"line":61,"column":3}},"3":{"start":{"line":16,"column":4},"end":{"line":16,"column":20}},"4":{"start":{"line":18,"column":4},"end":{"line":18,"column":44}},"5":{"start":{"line":20,"column":4},"end":{"line":24,"column":7}},"6":{"start":{"line":21,"column":6},"end":{"line":21,"column":32}},"7":{"start":{"line":22,"column":6},"end":{"line":22,"column":22}},"8":{"start":{"line":23,"column":6},"end":{"line":23,"column":20}},"9":{"start":{"line":26,"column":4},"end":{"line":60,"column":7}},"10":{"start":{"line":29,"column":6},"end":{"line":32,"column":7}},"11":{"start":{"line":30,"column":8},"end":{"line":30,"column":24}},"12":{"start":{"line":31,"column":8},"end":{"line":31,"column":19}},"13":{"start":{"line":34,"column":6},"end":{"line":35,"column":22}},"14":{"start":{"line":37,"column":6},"end":{"line":58,"column":10}},"15":{"start":{"line":38,"column":8},"end":{"line":41,"column":9}},"16":{"start":{"line":39,"column":10},"end":{"line":39,"column":29}},"17":{"start":{"line":40,"column":10},"end":{"line":40,"column":31}},"18":{"start":{"line":43,"column":8},"end":{"line":57,"column":12}},"19":{"start":{"line":44,"column":10},"end":{"line":53,"column":12}},"20":{"start":{"line":45,"column":12},"end":{"line":52,"column":16}},"21":{"start":{"line":46,"column":14},"end":{"line":46,"column":41}},"22":{"start":{"line":47,"column":14},"end":{"line":47,"column":37}},"23":{"start":{"line":48,"column":14},"end":{"line":48,"column":39}},"24":{"start":{"line":49,"column":14},"end":{"line":50,"column":67}},"25":{"start":{"line":51,"column":14},"end":{"line":51,"column":31}},"26":{"start":{"line":55,"column":10},"end":{"line":55,"column":34}},"27":{"start":{"line":56,"column":10},"end":{"line":56,"column":24}},"28":{"start":{"line":63,"column":2},"end":{"line":63,"column":13}}},"branchMap":{"1":{"line":29,"type":"if","locations":[{"start":{"line":29,"column":6},"end":{"line":29,"column":6}},{"start":{"line":29,"column":6},"end":{"line":29,"column":6}}]},"2":{"line":34,"type":"cond-expr","locations":[{"start":{"line":34,"column":45},"end":{"line":34,"column":74}},{"start":{"line":35,"column":10},"end":{"line":35,"column":21}}]},"3":{"line":38,"type":"if","locations":[{"start":{"line":38,"column":8},"end":{"line":38,"column":8}},{"start":{"line":38,"column":8},"end":{"line":38,"column":8}}]}},"code":["module.exports = (function () {","","  'use strict';","","  /**  Get","   *","   *  @function","   *  @description","   *  @return void","   *  @callback","   *  @arg {String} name - The cache entry name to get (wildcards accepted)","   *  @arg {Function} callback - Callback","   */","","  function get (name, callback) {","    var self = this;","","    var domain = require('domain').create();","","    domain.on('error', function (error) {","      self.emit('error', error);","      callback(error);","      domain.exit();","    });","","    domain.run(function () {","","","      if ( typeof name === 'function' ) {","        callback = name;","        name = '*';","      }","","      var prefix = self.prefix.match(/:$/) ? self.prefix.replace(/:$/, '')","        : self.prefix;","","      self.client.keys(prefix + ':' + name, domain.intercept(function (keys) {","        if ( ! keys.length ) {","          callback(null, []);","          return domain.exit();","        }","","        require('async').parallel(keys.map(function (key) {","          return function (cb) {","            self.client.hgetall(key, domain.intercept(function (result) {","              var names = key.split(':');","              result.name = names[1];","              result.prefix = names[0];","              self.emit('message', require('util').format('GET %s ~%d Kb', key,","                (require('../sizeof')(result) / 1024).toFixed(2)));","              cb(null, result);","            }));","          };","        }), domain.intercept(function (results) {","          callback(null, results);","          domain.exit();","        }));","      }));","","    });","  }","","  return get;","","}) ();",""],"l":{"1":1,"15":1,"16":0,"18":0,"20":0,"21":0,"22":0,"23":0,"26":0,"29":0,"30":0,"31":0,"34":0,"37":0,"38":0,"39":0,"40":0,"43":0,"44":0,"45":0,"46":0,"47":0,"48":0,"49":0,"51":0,"55":0,"56":0,"63":1}},"/home/travis/build/npmtest/node-npmtest-express-redis-cache/node_modules/express-redis-cache/lib/ExpressRedisCache/add.js":{"path":"/home/travis/build/npmtest/node-npmtest-express-redis-cache/node_modules/express-redis-cache/lib/ExpressRedisCache/add.js","s":{"1":1,"2":1,"3":1,"4":0,"5":0,"6":0,"7":0,"8":0,"9":0,"10":0,"11":0,"12":0,"13":0,"14":0,"15":0,"16":0,"17":0,"18":0,"19":0,"20":0,"21":0,"22":0,"23":0,"24":0,"25":0,"26":0,"27":0,"28":1},"b":{"1":[0,0],"2":[0,0],"3":[0,0],"4":[0,0],"5":[0,0],"6":[0,0],"7":[0,0],"8":[0,0],"9":[0,0]},"f":{"1":1,"2":0,"3":0,"4":0,"5":0,"6":0},"fnMap":{"1":{"name":"(anonymous_1)","line":1,"loc":{"start":{"line":1,"column":18},"end":{"line":1,"column":30}}},"2":{"name":"add","line":20,"loc":{"start":{"line":20,"column":2},"end":{"line":20,"column":47}}},"3":{"name":"(anonymous_3)","line":31,"loc":{"start":{"line":31,"column":35},"end":{"line":31,"column":52}}},"4":{"name":"(anonymous_4)","line":37,"loc":{"start":{"line":37,"column":15},"end":{"line":37,"column":27}}},"5":{"name":"(anonymous_5)","line":59,"loc":{"start":{"line":59,"column":25},"end":{"line":59,"column":40}}},"6":{"name":"(anonymous_6)","line":64,"loc":{"start":{"line":64,"column":31},"end":{"line":64,"column":43}}}},"statementMap":{"1":{"start":{"line":1,"column":0},"end":{"line":80,"column":5}},"2":{"start":{"line":5,"column":2},"end":{"line":5,"column":52}},"3":{"start":{"line":20,"column":2},"end":{"line":76,"column":3}},"4":{"start":{"line":21,"column":4},"end":{"line":21,"column":20}},"5":{"start":{"line":24,"column":4},"end":{"line":27,"column":5}},"6":{"start":{"line":25,"column":6},"end":{"line":25,"column":25}},"7":{"start":{"line":26,"column":6},"end":{"line":26,"column":19}},"8":{"start":{"line":29,"column":4},"end":{"line":29,"column":44}},"9":{"start":{"line":31,"column":4},"end":{"line":35,"column":8}},"10":{"start":{"line":32,"column":6},"end":{"line":32,"column":32}},"11":{"start":{"line":33,"column":6},"end":{"line":33,"column":29}},"12":{"start":{"line":34,"column":6},"end":{"line":34,"column":22}},"13":{"start":{"line":37,"column":4},"end":{"line":75,"column":7}},"14":{"start":{"line":39,"column":6},"end":{"line":41,"column":7}},"15":{"start":{"line":40,"column":8},"end":{"line":40,"column":34}},"16":{"start":{"line":44,"column":6},"end":{"line":49,"column":8}},"17":{"start":{"line":51,"column":6},"end":{"line":51,"column":45}},"18":{"start":{"line":53,"column":6},"end":{"line":54,"column":22}},"19":{"start":{"line":57,"column":6},"end":{"line":57,"column":41}},"20":{"start":{"line":58,"column":6},"end":{"line":74,"column":12}},"21":{"start":{"line":60,"column":10},"end":{"line":60,"column":57}},"22":{"start":{"line":62,"column":10},"end":{"line":73,"column":11}},"23":{"start":{"line":63,"column":12},"end":{"line":67,"column":18}},"24":{"start":{"line":65,"column":16},"end":{"line":65,"column":133}},"25":{"start":{"line":66,"column":16},"end":{"line":66,"column":49}},"26":{"start":{"line":71,"column":12},"end":{"line":71,"column":101}},"27":{"start":{"line":72,"column":12},"end":{"line":72,"column":45}},"28":{"start":{"line":78,"column":2},"end":{"line":78,"column":13}}},"branchMap":{"1":{"line":24,"type":"if","locations":[{"start":{"line":24,"column":4},"end":{"line":24,"column":4}},{"start":{"line":24,"column":4},"end":{"line":24,"column":4}}]},"2":{"line":24,"type":"binary-expr","locations":[{"start":{"line":24,"column":9},"end":{"line":24,"column":19}},{"start":{"line":24,"column":24},"end":{"line":24,"column":53}}]},"3":{"line":39,"type":"if","locations":[{"start":{"line":39,"column":6},"end":{"line":39,"column":6}},{"start":{"line":39,"column":6},"end":{"line":39,"column":6}}]},"4":{"line":46,"type":"binary-expr","locations":[{"start":{"line":46,"column":14},"end":{"line":46,"column":26}},{"start":{"line":46,"column":30},"end":{"line":46,"column":41}}]},"5":{"line":48,"type":"cond-expr","locations":[{"start":{"line":48,"column":86},"end":{"line":48,"column":100}},{"start":{"line":48,"column":103},"end":{"line":48,"column":114}}]},"6":{"line":48,"type":"binary-expr","locations":[{"start":{"line":48,"column":17},"end":{"line":48,"column":54}},{"start":{"line":48,"column":58},"end":{"line":48,"column":82}}]},"7":{"line":53,"type":"cond-expr","locations":[{"start":{"line":53,"column":45},"end":{"line":53,"column":74}},{"start":{"line":54,"column":10},"end":{"line":54,"column":21}}]},"8":{"line":62,"type":"if","locations":[{"start":{"line":62,"column":10},"end":{"line":62,"column":10}},{"start":{"line":62,"column":10},"end":{"line":62,"column":10}}]},"9":{"line":62,"type":"binary-expr","locations":[{"start":{"line":62,"column":15},"end":{"line":62,"column":47}},{"start":{"line":62,"column":51},"end":{"line":62,"column":67}}]}},"code":["module.exports = (function () {","","  'use strict';","","  var config = require('../../package.json').config;","","  /**  Add","   *","   *  @function","   *  @description Add a new cache entry","   *  @return void","   *  @callback","   *  @arg {String} name - The cache entry name","   *  @arg {String} body - The cache entry body","   *  @arg {Object} options - Optional { type: String, expire: Number }","   *  @arg {Number} expire - The cache life time in seconds [OPTIONAL]","   *  @arg {Function} callback","   */","","  function add (name, body, options, callback) {","    var self = this;","","    /** Adjust arguments in case @options is omitted **/","    if ( ! callback && (typeof options === 'function') ) {","      callback = options;","      options = {};","    }","","    var domain = require('domain').create();","","    domain.on('error', domain.bind(function (error) {","      self.emit('error', error);","      self.connected = false;","      callback(error);","    }));","","    domain.run(function () {","","      if (self.connected === false) {","        return callback(null, []); // simulate cache miss","      }","","      /** The new cache entry **/","      var entry = {","        body: body,","        type: options.type || config.type,","        touched: +new Date(),","        expire: (typeof options.expire !== 'undefined' && options.expire !== false) ? options.expire : self.expire","      };","","      var size = require('../sizeof')(entry);","","      var prefix = self.prefix.match(/:$/) ? self.prefix.replace(/:$/, '')","        : self.prefix;","","      /* Save as a Redis hash */","      var redisKey = prefix + ':' + name;","      self.client.hmset(redisKey, entry,","        domain.intercept(function (res) {","          var calculated_size = (size / 1024).toFixed(2);","          /** If @expire then tell Redis to expire **/","          if ( typeof entry.expire === 'number' && entry.expire > 0 ) {","            self.client.expire(redisKey, +entry.expire,","              domain.intercept(function () {","                self.emit('message', require('util').format('SET %s ~%d Kb %d TTL (sec)', redisKey, calculated_size, +entry.expire));","                callback(null, name, entry, res);","              }));","          }","          else","          {","            self.emit('message', require('util').format('SET %s ~%d Kb', redisKey, calculated_size));","            callback(null, name, entry, res);","          }","        }));","    });","  }","","  return add;","","})();",""],"l":{"1":1,"5":1,"20":1,"21":0,"24":0,"25":0,"26":0,"29":0,"31":0,"32":0,"33":0,"34":0,"37":0,"39":0,"40":0,"44":0,"51":0,"53":0,"57":0,"58":0,"60":0,"62":0,"63":0,"65":0,"66":0,"71":0,"72":0,"78":1}},"/home/travis/build/npmtest/node-npmtest-express-redis-cache/node_modules/express-redis-cache/lib/ExpressRedisCache/del.js":{"path":"/home/travis/build/npmtest/node-npmtest-express-redis-cache/node_modules/express-redis-cache/lib/ExpressRedisCache/del.js","s":{"1":1,"2":1,"3":0,"4":0,"5":0,"6":0,"7":0,"8":0,"9":0,"10":0,"11":0,"12":0,"13":0,"14":0,"15":0,"16":0,"17":0,"18":0,"19":0,"20":0,"21":0,"22":0,"23":0,"24":0,"25":0,"26":0,"27":1},"b":{"1":[0,0],"2":[0,0],"3":[0,0],"4":[0,0],"5":[0,0]},"f":{"1":1,"2":0,"3":0,"4":0,"5":0,"6":0,"7":0,"8":0,"9":0},"fnMap":{"1":{"name":"(anonymous_1)","line":1,"loc":{"start":{"line":1,"column":18},"end":{"line":1,"column":30}}},"2":{"name":"del","line":14,"loc":{"start":{"line":14,"column":2},"end":{"line":14,"column":32}}},"3":{"name":"onDelError","line":27,"loc":{"start":{"line":27,"column":23},"end":{"line":27,"column":51}}},"4":{"name":"delRun","line":31,"loc":{"start":{"line":31,"column":15},"end":{"line":31,"column":34}}},"5":{"name":"onKeys","line":52,"loc":{"start":{"line":52,"column":52},"end":{"line":52,"column":75}}},"6":{"name":"onEachKey","line":56,"loc":{"start":{"line":56,"column":12},"end":{"line":56,"column":47}}},"7":{"name":"(anonymous_7)","line":57,"loc":{"start":{"line":57,"column":53},"end":{"line":57,"column":65}}},"8":{"name":"onEachKeyDone","line":63,"loc":{"start":{"line":63,"column":12},"end":{"line":63,"column":43}}},"9":{"name":"onKeyDeleted","line":81,"loc":{"start":{"line":81,"column":27},"end":{"line":81,"column":61}}}},"statementMap":{"1":{"start":{"line":1,"column":0},"end":{"line":92,"column":5}},"2":{"start":{"line":14,"column":2},"end":{"line":88,"column":3}},"3":{"start":{"line":15,"column":4},"end":{"line":15,"column":20}},"4":{"start":{"line":17,"column":4},"end":{"line":19,"column":5}},"5":{"start":{"line":18,"column":6},"end":{"line":18,"column":99}},"6":{"start":{"line":21,"column":4},"end":{"line":23,"column":5}},"7":{"start":{"line":22,"column":6},"end":{"line":22,"column":102}},"8":{"start":{"line":25,"column":4},"end":{"line":25,"column":44}},"9":{"start":{"line":27,"column":4},"end":{"line":29,"column":7}},"10":{"start":{"line":28,"column":6},"end":{"line":28,"column":22}},"11":{"start":{"line":31,"column":4},"end":{"line":87,"column":7}},"12":{"start":{"line":35,"column":6},"end":{"line":36,"column":22}},"13":{"start":{"line":40,"column":6},"end":{"line":40,"column":41}},"14":{"start":{"line":44,"column":6},"end":{"line":44,"column":51}},"15":{"start":{"line":48,"column":6},"end":{"line":85,"column":7}},"16":{"start":{"line":52,"column":8},"end":{"line":73,"column":12}},"17":{"start":{"line":54,"column":10},"end":{"line":71,"column":15}},"18":{"start":{"line":57,"column":14},"end":{"line":60,"column":18}},"19":{"start":{"line":58,"column":16},"end":{"line":58,"column":76}},"20":{"start":{"line":59,"column":16},"end":{"line":59,"column":27}},"21":{"start":{"line":65,"column":14},"end":{"line":67,"column":15}},"22":{"start":{"line":66,"column":16},"end":{"line":66,"column":28}},"23":{"start":{"line":69,"column":14},"end":{"line":69,"column":42}},"24":{"start":{"line":80,"column":8},"end":{"line":84,"column":14}},"25":{"start":{"line":82,"column":12},"end":{"line":82,"column":77}},"26":{"start":{"line":83,"column":12},"end":{"line":83,"column":39}},"27":{"start":{"line":90,"column":2},"end":{"line":90,"column":13}}},"branchMap":{"1":{"line":17,"type":"if","locations":[{"start":{"line":17,"column":4},"end":{"line":17,"column":4}},{"start":{"line":17,"column":4},"end":{"line":17,"column":4}}]},"2":{"line":21,"type":"if","locations":[{"start":{"line":21,"column":4},"end":{"line":21,"column":4}},{"start":{"line":21,"column":4},"end":{"line":21,"column":4}}]},"3":{"line":35,"type":"cond-expr","locations":[{"start":{"line":35,"column":45},"end":{"line":35,"column":74}},{"start":{"line":36,"column":10},"end":{"line":36,"column":21}}]},"4":{"line":48,"type":"if","locations":[{"start":{"line":48,"column":6},"end":{"line":48,"column":6}},{"start":{"line":48,"column":6},"end":{"line":48,"column":6}}]},"5":{"line":65,"type":"if","locations":[{"start":{"line":65,"column":14},"end":{"line":65,"column":14}},{"start":{"line":65,"column":14},"end":{"line":65,"column":14}}]}},"code":["module.exports = (function () {","","  'use strict';","","  /**  Delete cache entries","   *","   *  @method ExpressRedisCache.del","   *  @description Delete entry by name","   *  @return null","   *  @arg {String} name - The entry name","   *  @arg {Function} callback","   */","","  function del (name, callback) {","    var self = this;","","    if ( typeof name !== 'string' ) {","      return this.emit('error', new Error('ExpressRedisCache.del: missing first argument String'));","    }","","    if ( typeof callback !== 'function' ) {","      return this.emit('error', new Error('ExpressRedisCache.del: missing second argument Function'));","    }","","    var domain = require('domain').create();","","    domain.on('error', function onDelError (error) {","      callback(error);","    });","","    domain.run(function delRun () {","","      /** Get prefix */","","      var prefix = self.prefix.match(/:$/) ? self.prefix.replace(/:$/, '')","        : self.prefix;","","      /** Tell Redis to delete hash */","","      var redisKey = prefix + ':' + name;","","      /** Detect wilcard syntax */","","      var hasWildcard = redisKey.indexOf('*') >= 0;","","      /** If has wildcard */","","      if ( hasWildcard ) {","","        /** Get a list of keys using the wildcard */","","        self.client.keys(redisKey, domain.intercept(function onKeys (keys) {","","          require('async').each(keys,","","            function onEachKey (key, callback) {","              self.client.del(key,  domain.intercept(function () {","                self.emit('message', require('util').format('DEL %s', key));","                callback();","              }));","            },","","            function onEachKeyDone (error) {","","              if ( error ) {","                throw error;","              }","","              callback(null, keys.length);","","            });","","        }));","","      }","","      /** No wildcard **/","","      else {","        self.client.del(redisKey,","          domain.intercept(function onKeyDeleted (deletions) {","            self.emit('message', require('util').format('DEL %s', redisKey));","            callback(null, +deletions);","          }));","      }","","    });","  }","","  return 
[...]
   formatEntry(entry);","          });","","        }));","        break;","    }","  });","","})();",""],"l":{"3":1,"7":1,"9":1,"11":1,"13":1,"14":0,"17":1,"21":1,"23":1,"24":2,"25":0,"26":0,"29":2,"30":0,"31":0,"34":2,"35":0,"36":0,"39":2,"40":2,"44":1,"48":1,"50":1,"51":0,"57":0,"60":0,"61":0,"66":0,"72":1,"73":0,"74":0,"76":0,"79":0,"82":0,"86":0,"88":0,"89":0,"92":0,"94":0,"96":0,"101":0,"107":0,"111":0,"117":1,"128":1,"129":1,"130":1,"131":1,"132":1,"133":1,"135":1,"136":1,"137":1,"138":1,"139":1,"140":1,"141":1,"142":1,"143":1,"144":1,"145":1,"147":1,"148":1,"149":1,"150":1,"151":1,"153":1,"154":1,"155":1,"156":1,"158":1,"159":1,"160":1,"162":1,"164":1,"166":1,"168":1,"176":0,"178":0,"180":0,"182":0,"183":0,"186":0,"190":0,"198":0,"200":0,"202":0,"204":0,"210":0,"217":0,"218":0,"221":0,"223":0,"225":0,"227":0,"229":0,"231":0,"239":0,"241":0,"243":0,"245":0,"247":0,"255":0,"257":0,"259":0,"261":0,"262":0,"266":0}},"/home/travis/build/npmtest/node-npmtest-express-redis-cache/node_modules/express-redis-cache/express/server.js":{"path":"/home/travis/build/npmtest/node-npmtest-express-redis-cache/node_modules/express-redis-cache/express/server.js","s":{"1":2,"2":2,"3":0,"4":0,"5":0,"6":0,"7":0,"8":0,"9":0,"10":0,"11":0,"12":0,"13":1,"14":0,"15":0,"16":0,"17":0,"18":0,"19":0,"20":0,"21":0,"22":0,"23":0,"24":0,"25":0,"26":0,"27":0,"28":0,"29":0,"30":0,"31":0},"b":{"1":[0,0],"2":[0,0],"3":[0,0],"4":[0,0],"5":[0,0]},"f":{"1":0,"2":0,"3":0,"4":0,"5":0,"6":0,"7":0},"fnMap":{"1":{"name":"(anonymous_1)","line":23,"loc":{"start":{"line":23,"column":18},"end":{"line":23,"column":35}}},"2":{"name":"handle_timestamp","line":38,"loc":{"start":{"line":38,"column":0},"end":{"line":38,"column":37}}},"3":{"name":"(anonymous_3)","line":62,"loc":{"start":{"line":62,"column":4},"end":{"line":62,"column":23}}},"4":{"name":"(anonymous_4)","line":63,"loc":{"start":{"line":63,"column":33},"end":{"line":63,"column":53}}},"5":{"name":"(anonymous_5)","line":76,"loc":{"start":{"line":76,"column":1},"end":{"line":76,"column":21}}},"6":{"name":"(anonymous_6)","line":84,"loc":{"start":{"line":84,"column":31},"end":{"line":84,"column":43}}},"7":{"name":"(anonymous_7)","line":88,"loc":{"start":{"line":88,"column":19},"end":{"line":88,"column":36}}}},"statementMap":{"1":{"start":{"line":3,"column":0},"end":{"line":3,"column":27}},"2":{"start":{"line":7,"column":0},"end":{"line":7,"column":39}},"3":{"start":{"line":8,"column":0},"end":{"line":8,"column":30}},"4":{"start":{"line":10,"column":0},"end":{"line":10,"column":42}},"5":{"start":{"line":13,"column":0},"end":{"line":18,"column":2}},"6":{"start":{"line":20,"column":0},"end":{"line":20,"column":50}},"7":{"start":{"line":21,"column":0},"end":{"line":21,"column":38}},"8":{"start":{"line":23,"column":0},"end":{"line":27,"column":3}},"9":{"start":{"line":24,"column":2},"end":{"line":26,"column":5}},"10":{"start":{"line":31,"column":0},"end":{"line":31,"column":43}},"11":{"start":{"line":33,"column":0},"end":{"line":33,"column":52}},"12":{"start":{"line":34,"column":0},"end":{"line":34,"column":27}},"13":{"start":{"line":38,"column":0},"end":{"line":42,"column":1}},"14":{"start":{"line":39,"column":2},"end":{"line":39,"column":41}},"15":{"start":{"line":40,"column":2},"end":{"line":40,"column":48}},"16":{"start":{"line":41,"column":2},"end":{"line":41,"column":29}},"17":{"start":{"line":46,"column":0},"end":{"line":49,"column":2}},"18":{"start":{"line":51,"column":0},"end":{"line":54,"column":2}},"19":{"start":{"line":56,"column":0},"end":{"line":59,"column":2}},"20":{"start":{"line":61,"column":0},"end":{"line":71,"column":2}},"21":{"start":{"line":63,"column":6},"end":{"line":68,"column":9}},"22":{"start":{"line":64,"column":8},"end":{"line":66,"column":9}},"23":{"start":{"line":65,"column":10},"end":{"line":65,"column":31}},"24":{"start":{"line":67,"column":8},"end":{"line":67,"column":42}},"25":{"start":{"line":72,"column":0},"end":{"line":78,"column":4}},"26":{"start":{"line":77,"column":3},"end":{"line":77,"column":36}},"27":{"start":{"line":82,"column":0},"end":{"line":82,"column":47}},"28":{"start":{"line":84,"column":0},"end":{"line":86,"column":3}},"29":{"start":{"line":85,"column":2},"end":{"line":85,"column":84}},"30":{"start":{"line":88,"column":0},"end":{"line":90,"column":3}},"31":{"start":{"line":89,"column":2},"end":{"line":89,"column":41}}},"branchMap":{"1":{"line":10,"type":"binary-expr","locations":[{"start":{"line":10,"column":16},"end":{"line":10,"column":32}},{"start":{"line":10,"column":36},"end":{"line":10,"column":40}}]},"2":{"line":15,"type":"binary-expr","locations":[{"start":{"line":15,"column":16},"end":{"line":15,"column":41}},{"start":{"line":15,"column":45},"end":{"line":15,"column":56}}]},"3":{"line":16,"type":"binary-expr","locations":[{"start":{"line":16,"column":16},"end":{"line":16,"column":41}},{"start":{"line":16,"column":45},"end":{"line":16,"column":49}}]},"4":{"line":17,"type":"binary-expr","locations":[{"start":{"line":17,"column":16},"end":{"line":17,"column":43}},{"start":{"line":17,"column":47},"end":{"line":17,"column":54}}]},"5":{"line":64,"type":"if","locations":[{"start":{"line":64,"column":8},"end":{"line":64,"column":8}},{"start":{"line":64,"column":8},"end":{"line":64,"column":8}}]}},"code":["//#!/usr/bin/env node","","var path = require('path');","","/* ======== express  ======== */","","var express       = require('express');","var app           = express();","","app.set('port', process.env.PORT || 3027);","","/* ======== cache  ======== */","var cache_options = {","  expire      : 3,","  host        : process.env.EX_RE_CA_HOST || 'localhost',","  port        : process.env.EX_RE_CA_PORT || 6379,","  prefix      : process.env.EX_RE_CA_PREFIX || 'erct:'","};","","var cache         = require('../')(cache_options);","var moment        = require('moment');","","cache.on('error', function (error) {","  console.log('cache error', {","    message: error.message","  });","});","","/* ======== body parser  ======== */","","var bodyParser    = require('body-parser');","","app.use(bodyParser.urlencoded({ extended: false }));","app.use(bodyParser.json());","","/* ======== home  ======== */","","function handle_timestamp (req, res) {","  res.set({'Content-Type': 'text/json'});","  var timestamp = { timestamp: moment().unix()};","  return res.json(timestamp);","}","","// Cache the time for 1 second as","// { timestamp: 1424309866 }","app.all('/1sec',","    cache.route({expire: 1}),","    handle_timestamp",");","","app.all('/default_expire',","    cache.route(),","    handle_timestamp",");","","app.all('/never_expire',","    cache.route({expire: -1}),","    handle_timestamp",");","","app.all('/delete_never_expire',","    function(req, res) {","      cache.del(\"/never_expire\", function(err, count){","        if (err) {","          return res.send(500);","        }","        return res.send(\"count:\" + count);","      });","","    }",");","app.all('/',","","  cache.route(),","","\tfunction (req, res) {","  \tres.send('Now is ' + new Date());","\t});","","/* ======== server  ======== */","","var server = require('http').createServer(app);","","server.listen(app.get('port'), function () {","  console.log('express-redis-cache test server started on port ' + app.get('port'));","});","","server.on('error', function (error) {","  console.log({ 'server error': error });","});",""],"l":{"3":2,"7":2,"8":0,"10":0,"13":0,"20":0,"21":0,"23":0,"24":0,"31":0,"33":0,"34":0,"38":1,"39":0,"40":0,"41":0,"46":0,"51":0,"56":0,"61":0,"63":0,"64":0,"65":0,"67":0,"72":0,"77":0,"82":0,"84":0,"85":0,"88":0,"89":0}},"/home/travis/build/npmtest/node-npmtest-express-redis-cache/node_modules/express-redis-cache/lib/sizeof.js":{"path":"/home/travis/build/npmtest/node-npmtest-express-redis-cache/node_modules/express-redis-cache/lib/sizeof.js","s":{"1":1,"2":0,"3":0,"4":0,"5":0,"6":0,"7":0,"8":0,"9":0,"10":0,"11":0,"12":0,"13":0,"14":0,"15":0,"16":0,"17":0,"18":0,"19":0,"20":0,"21":0,"22":0,"23":0,"24":0},"b":{"1":[0,0,0,0],"2":[0,0],"3":[0,0],"4":[0,0]},"f":{"1":0},"fnMap":{"1":{"name":"sizeof","line":19,"loc":{"start":{"line":19,"column":17},"end":{"line":19,"column":40}}}},"statementMap":{"1":{"start":{"line":19,"column":0},"end":{"line":73,"column":2}},"2":{"start":{"line":22,"column":2},"end":{"line":22,"column":25}},"3":{"start":{"line":23,"column":2},"end":{"line":23,"column":18}},"4":{"start":{"line":24,"column":2},"end":{"line":24,"column":10}},"5":{"start":{"line":27,"column":2},"end":{"line":68,"column":3}},"6":{"start":{"line":30,"column":4},"end":{"line":66,"column":5}},"7":{"start":{"line":33,"column":22},"end":{"line":33,"column":32}},"8":{"start":{"line":33,"column":33},"end":{"line":33,"column":39}},"9":{"start":{"line":36,"column":21},"end":{"line":36,"column":31}},"10":{"start":{"line":36,"column":32},"end":{"line":36,"column":38}},"11":{"start":{"line":39,"column":21},"end":{"line":39,"column":55}},"12":{"start":{"line":39,"column":56},"end":{"line":39,"column":62}},"13":{"start":{"line":45,"column":8},"end":{"line":47,"column":9}},"14":{"start":{"line":46,"column":10},"end":{"line":46,"column":61}},"15":{"start":{"line":46,"column":38},"end":{"line":46,"column":61}},"16":{"start":{"line":50,"column":8},"end":{"line":64,"column":9}},"17":{"start":{"line":53,"column":10},"end":{"line":53,"column":32}},"18":{"start":{"line":54,"column":10},"end":{"line":59,"column":11}},"19":{"start":{"line":55,"column":12},"end":{"line":58,"column":13}},"20":{"start":{"line":56,"column":14},"end":{"line":56,"column":31}},"21":{"start":{"line":57,"column":14},"end":{"line":57,"column":20}},"22":{"start":{"line":62,"column":10},"end":{"line":62,"column":60}},"23":{"start":{"line":62,"column":26},"end":{"line":62,"column":60}},"24":{"start":{"line":71,"column":2},"end":{"line":71,"column":14}}},"branchMap":{"1":{"line":30,"type":"switch","locations":[{"start":{"line":33,"column":6},"end":{"line":33,"column":39}},{"start":{"line":36,"column":6},"end":{"line":36,"column":38}},{"start":{"line":39,"column":6},"end":{"line":39,"column":62}},{"start":{"line":42,"column":6},"end":{"line":64,"column":9}}]},"2":{"line":45,"type":"if","locations":[{"start":{"line":45,"column":8},"end":{"line":45,"column":8}},{"start":{"line":45,"column":8},"end":{"line":45,"column":8}}]},"3":{"line":55,"type":"if","locations":[{"start":{"line":55,"column":12},"end":{"line":55,"column":12}},{"start":{"line":55,"column":12},"end":{"line":55,"column":12}}]},"4":{"line":62,"type":"if","locations":[{"start":{"line":62,"column":10},"end":{"line":62,"column":10}},{"start":{"line":62,"column":10},"end":{"line":62,"column":10}}]}},"code":["/*","","sizeof.js","","A function to calculate the approximate memory usage of objects","","Created by Stephen Morley - http://code.stephenmorley.org/ - and released under","the terms of the CC0 1.0 Universal legal code:","","http://creativecommons.org/publicdomain/zero/1.0/legalcode","","*/","","/* Returns the approximate memory usage, in bytes, of the specified object. The"," * parameter is:"," *"," * object - the object whose size should be determined"," */","module.exports = function sizeof(object){","","  // initialise the list of objects and size","  var objects = [object];","  var size    = 0;","  var key;","","  // loop over the objects","  for (var index = 0; index < objects.length; index ++){","","    // determine the type of the object","    switch (typeof objects[index]){","","      // the object is a boolean","      case 'boolean': size += 4; break;","","      // the object is a number","      case 'number': size += 8; break;","","      // the object is a string","      case 'string': size += 2 * objects[index].length; break;","","      // the object is a generic object","      case 'object':","","        // if the object is not an array, add the sizes of the keys","        if (Object.prototype.toString.call(objects[index]) != '[object Array]'){","          for (key in objects[index]) size += 2 * key.length;","        }","","        // loop over the keys","        for (key in objects[index]){","","          // determine whether the value has already been processed","          var processed = false;","          for (var search = 0; search < objects.length; search ++){","            if (objects[search] === objects[index][key]){","              processed = true;","              break;","            }","          }","","          // queue the value to be processed if appropriate","          if (!processed) objects.push(objects[index][key]);","","        }","","    }","","  }","","  // return the calculated size","  return size;","","};"],"l":{"19":1,"22":0,"23":0,"24":0,"27":0,"30":0,"33":0,"36":0,"39":0,"45":0,"46":0,"50":0,"53":0,"54":0,"55":0,"56":0,"57":0,"62":0,"71":0}},"/home/travis/build/npmtest/node-npmtest-express-redis-cache/node_modules/express-redis-cache/lib/ExpressRedisCache/expire.js":{"path":"/home/travis/build/npmtest/node-npmtest-express-redis-cache/node_modules/express-redis-cache/lib/ExpressRedisCache/expire.js","s":{"1":1,"2":1,"3":0,"4":1,"5":0,"6":0,"7":0,"8":0,"9":0,"10":0,"11":0,"12":0,"13":0,"14":0,"15":0,"16":0,"17":0,"18":0,"19":0,"20":0,"21":0,"22":0,"23":0,"24":0,"25":0,"26":0,"27":0,"28":1},"b":{"1":[0,0],"2":[0,0,0],"3":[0,0],"4":[0,0],"5":[0,0],"6":[0,0,0],"7":[0,0],"8":[0,0],"9":[0,0],"10":[0,0]},"f":{"1":1,"2":0,"3":0,"4":0},"fnMap":{"1":{"name":"(anonymous_1)","line":1,"loc":{"start":{"line":1,"column":18},"end":{"line":1,"column":30}}},"2":{"name":"maskStatus","line":6,"loc":{"start":{"line":6,"column":2},"end":{"line":6,"column":35}}},"3":{"name":"createExpirationPolicy","line":12,"loc":{"start":{"line":12,"column":2},"end":{"line":12,"column":44}}},"4":{"name":"(anonymous_4)","line":50,"loc":{"start":{"line":50,"column":11},"end":{"line":50,"column":31}}}},"statementMap":{"1":{"start":{"line":1,"column":0},"end":{"line":69,"column":5}},"2":{"start":{"line":6,"column":2},"end":{"line":8,"column":3}},"3":{"start":{"line":7,"column":4},"end":{"line":7,"column":58}},"4":{"start":{"line":12,"column":2},"end":{"line":66,"column":3}},"5":{"start":{"line":13,"column":4},"end":{"line":15,"column":5}},"6":{"start":{"line":14,"column":6},"end":{"line":14,"column":72}},"7":{"start":{"line":18,"column":4},"end":{"line":20,"column":5}},"8":{"start":{"line":19,"column":6},"end":{"line":19,"column":21}},"9":{"start":{"line":24,"column":4},"end":{"line":28,"column":5}},"10":{"start":{"line":25,"column":6},"end":{"line":27,"column":8}},"11":{"start":{"line":30,"column":4},"end":{"line":43,"column":5}},"12":{"start":{"line":32,"column":6},"end":{"line":34,"column":7}},"13":{"start":{"line":33,"column":8},"end":{"line":33,"column":51}},"14":{"start":{"line":36,"column":6},"end":{"line":38,"column":7}},"15":{"start":{"line":37,"column":8},"end":{"line":37,"column":66}},"16":{"start":{"line":40,"column":6},"end":{"line":40,"column":25}},"17":{"start":{"line":41,"column":6},"end":{"line":41,"column":24}},"18":{"start":{"line":42,"column":6},"end":{"line":42,"column":35}},"19":{"start":{"line":46,"column":4},"end":{"line":48,"column":5}},"20":{"start":{"line":47,"column":6},"end":{"line":47,"column":56}},"21":{"start":{"line":50,"column":4},"end":{"line":65,"column":6}},"22":{"start":{"line":51,"column":6},"end":{"line":51,"column":38}},"23":{"start":{"line":54,"column":6},"end":{"line":64,"column":7}},"24":{"start":{"line":55,"column":8},"end":{"line":55,"column":35}},"25":{"start":{"line":58,"column":11},"end":{"line":64,"column":7}},"26":{"start":{"line":59,"column":8},"end":{"line":59,"column":47}},"27":{"start":{"line":63,"column":8},"end":{"line":63,"column":27}},"28":{"start":{"line":68,"column":2},"end":{"line":68,"column":32}}},"branchMap":{"1":{"line":13,"type":"if","locations":[{"start":{"line":13,"column":4},"end":{"line":13,"column":4}},{"start":{"line":13,"column":4},"end":{"line":13,"column":4}}]},"2":{"line":13,"type":"binary-expr","locations":[{"start":{"line":13,"column":8},"end":{"line":13,"column":35}},{"start":{"line":13,"column":39},"end":{"line":13,"column":66}},{"start":{"line":13,"column":70},"end":{"line":13,"column":99}}]},"3":{"line":18,"type":"if","locations":[{"start":{"line":18,"column":4},"end":{"line":18,"column":4}},{"start":{"line":18,"column":4},"end":{"line":18,"column":4}}]},"4":{"line":24,"type":"if","locations":[{"start":{"line":24,"column":4},"end":{"line":24,"column":4}},{"start":{"line":24,"column":4},"end":{"line":24,"column":4}}]},"5":{"line":32,"type":"if","locations":[{"start":{"line":32,"column":6},"end":{"line":32,"column":6}},{"start":{"line":32,"column":6},"end":{"line":32,"column":6}}]},"6":{"line":32,"type":"binary-expr","locations":[{"start":{"line":32,"column":10},"end":{"line":32,"column":26}},{"start":{"line":32,"column":30},"end":{"line":32,"column":50}},{"start":{"line":32,"column":54},"end":{"line":32,"column":79}}]},"7":{"line":36,"type":"if","locations":[{"start":{"line":36,"column":6},"end":{"line":36,"column":6}},{"start":{"line":36,"column":6},"end":{"line":36,"column":6}}]},"8":{"line":46,"type":"if","locations":[{"start":{"line":46,"column":4},"end":{"line":46,"column":4}},{"start":{"line":46,"column":4},"end":{"line":46,"column":4}}]},"9":{"line":54,"type":"if","locations":[{"start":{"line":54,"column":6},"end":{"line":54,"column":6}},{"start":{"line":54,"column":6},"end":{"line":54,"column":6}}]},"10":{"line":58,"type":"if","locations":[{"start":{"line":58,"column":11},"end":{"line":58,"column":11}},{"start":{"line":58,"column":11},"end":{"line":58,"column":11}}]}},"code":["module.exports = (function () {","","  'use strict';","","  // Convert HTTP status codes into 1xx, 2xx, 3xx, 4xx, 5xx","  function maskStatus (statusCode) {","    return String(statusCode).match(/(\\d)\\d\\d/)[1] + 'xx';","  }","","  // Turn the policy argument into a function that consumes a","  // status code and returns the expiration value","  function createExpirationPolicy (options) {","    if (typeof options !== 'object' && typeof options !== 'number' && typeof options !== 'function') {","      throw new Error('expire option cannot be type ' + typeof options);","    }","","    // If what's passed in is a function, return the function.","    if ( typeof options === 'function' ) {","      return options;","    }","","    // Internally store expiration as an object,","    // so if a number is provided, use that as the default","    if ( typeof options === 'number' ) {","      options = {","        'xxx': options","      };","    }","","    for (var k in options) {","      // Ensure that keys are in the form xxx, 4xx, or 400","      if (!k.match(/xxx/i) && !k.match(/[1-5]xx/i) && !k.match(/[1-5][0-9]{2}/)) {","        throw new Error('invalid statusCode ' + k);","      }","      // Ensure that the expiration values are numbers","      if (typeof options[k] !== 'number') {","        throw new Error('invalid expiration for statusCode ' + k);","      }","      // Convert keys to lower case","      var v = options[k];","      delete options[v];","      options[k.toLowerCase()] = v;","    }","","    // Ensure that there is a default so we can always return a value","    if (!options.hasOwnProperty('xxx')) {","      throw new Error('no default expiration provided');","    }","","    return function (req, res) {","      var statusCode = res.statusCode;","","      // Look for exact status code matches first","      if (options.hasOwnProperty(statusCode)) {","        return options[statusCode];","      }","      // Test for a 4xx style match","      else if (options.hasOwnProperty(maskStatus(statusCode))) {","        return options[maskStatus(statusCode)];","      }","      // Fallback to the default expiration value","      else {","        return options.xxx;","      }","    };","  }","","  return createExpirationPolicy;","})();",""],"l":{"1":1,"6":1,"7":0,"12":1,"13":0,"14":0,"18":0,"19":0,"24":0,"25":0,"30":0,"32":0,"33":0,"36":0,"37":0,"40":0,"41":0,"42":0,"46":0,"47":0,"50":0,"51":0,"54":0,"55":0,"58":0,"59":0,"63":0,"68":1}}}